{"numFailedTestSuites":0,"numFailedTests":0,"numPassedTestSuites":8,"numPassedTests":20,"numPendingTestSuites":0,"numPendingTests":0,"numRuntimeErrorTestSuites":0,"numTodoTests":0,"numTotalTestSuites":8,"numTotalTests":20,"openHandles":[],"snapshot":{"added":0,"didUpdate":false,"failure":false,"filesAdded":0,"filesRemoved":0,"filesRemovedList":[],"filesUnmatched":0,"filesUpdated":0,"matched":0,"total":0,"unchecked":0,"uncheckedKeysByFile":[],"unmatched":0,"updated":0},"startTime":1765737458268,"success":true,"testResults":[{"assertionResults":[{"ancestorTitles":["Skills Component"],"duration":27,"failureDetails":[],"failureMessages":[],"fullName":"Skills Component renders the skills section title","invocations":1,"location":null,"numPassingAsserts":1,"retryReasons":[],"status":"passed","title":"renders the skills section title"},{"ancestorTitles":["Skills Component"],"duration":55,"failureDetails":[],"failureMessages":[],"fullName":"Skills Component renders professional skills","invocations":1,"location":null,"numPassingAsserts":1,"retryReasons":[],"status":"passed","title":"renders professional skills"},{"ancestorTitles":["Skills Component"],"duration":47,"failureDetails":[],"failureMessages":[],"fullName":"Skills Component renders technical skill categories","invocations":1,"location":null,"numPassingAsserts":2,"retryReasons":[],"status":"passed","title":"renders technical skill categories"},{"ancestorTitles":["Skills Component"],"duration":17,"failureDetails":[],"failureMessages":[],"fullName":"Skills Component toggles technical skill category on click","invocations":1,"location":null,"numPassingAsserts":1,"retryReasons":[],"status":"passed","title":"toggles technical skill category on click"}],"endTime":1765737458930,"message":"","name":"/Users/hatemnoureddine/workspace/web/resume_1/src/components/sections/Skills.test.tsx","startTime":1765737458545,"status":"passed","summary":""},{"assertionResults":[{"ancestorTitles":["Hero Component"],"duration":32,"failureDetails":[],"failureMessages":[],"fullName":"Hero Component renders the main heading","invocations":1,"location":null,"numPassingAsserts":3,"retryReasons":[],"status":"passed","title":"renders the main heading"},{"ancestorTitles":["Hero Component"],"duration":10,"failureDetails":[],"failureMessages":[],"fullName":"Hero Component renders social links","invocations":1,"location":null,"numPassingAsserts":2,"retryReasons":[],"status":"passed","title":"renders social links"},{"ancestorTitles":["Hero Component"],"duration":4,"failureDetails":[],"failureMessages":[],"fullName":"Hero Component renders call to action buttons","invocations":1,"location":null,"numPassingAsserts":2,"retryReasons":[],"status":"passed","title":"renders call to action buttons"}],"endTime":1765737459049,"message":"","name":"/Users/hatemnoureddine/workspace/web/resume_1/src/components/sections/Hero.test.tsx","startTime":1765737458938,"status":"passed","summary":""},{"assertionResults":[{"ancestorTitles":["Contact Component"],"duration":7,"failureDetails":[],"failureMessages":[],"fullName":"Contact Component renders contact information","invocations":1,"location":null,"numPassingAsserts":2,"retryReasons":[],"status":"passed","title":"renders contact information"},{"ancestorTitles":["Contact Component"],"duration":3,"failureDetails":[],"failureMessages":[],"fullName":"Contact Component renders contact form fields","invocations":1,"location":null,"numPassingAsserts":3,"retryReasons":[],"status":"passed","title":"renders contact form fields"},{"ancestorTitles":["Contact Component"],"duration":11,"failureDetails":[],"failureMessages":[],"fullName":"Contact Component submits form with mailto link","invocations":1,"location":null,"numPassingAsserts":2,"retryReasons":[],"status":"passed","title":"submits form with mailto link"}],"endTime":1765737459137,"message":"","name":"/Users/hatemnoureddine/workspace/web/resume_1/src/components/sections/Contact.test.tsx","startTime":1765737459070,"status":"passed","summary":""},{"assertionResults":[{"ancestorTitles":["Header Component"],"duration":6,"failureDetails":[],"failureMessages":[],"fullName":"Header Component renders navigation links","invocations":1,"location":null,"numPassingAsserts":2,"retryReasons":[],"status":"passed","title":"renders navigation links"},{"ancestorTitles":["Header Component"],"duration":4,"failureDetails":[],"failureMessages":[],"fullName":"Header Component toggles language menu","invocations":1,"location":null,"numPassingAsserts":1,"retryReasons":[],"status":"passed","title":"toggles language menu"},{"ancestorTitles":["Header Component"],"duration":5,"failureDetails":[],"failureMessages":[],"fullName":"Header Component changes language on click","invocations":1,"location":null,"numPassingAsserts":1,"retryReasons":[],"status":"passed","title":"changes language on click"}],"endTime":1765737459201,"message":"","name":"/Users/hatemnoureddine/workspace/web/resume_1/src/components/layout/Header.test.tsx","startTime":1765737459144,"status":"passed","summary":""},{"assertionResults":[{"ancestorTitles":["Experience Component"],"duration":7,"failureDetails":[],"failureMessages":[],"fullName":"Experience Component renders the section title","invocations":1,"location":null,"numPassingAsserts":1,"retryReasons":[],"status":"passed","title":"renders the section title"},{"ancestorTitles":["Experience Component"],"duration":2,"failureDetails":[],"failureMessages":[],"fullName":"Experience Component renders experience items","invocations":1,"location":null,"numPassingAsserts":1,"retryReasons":[],"status":"passed","title":"renders experience items"},{"ancestorTitles":["Experience Component"],"duration":6,"failureDetails":[],"failureMessages":[],"fullName":"Experience Component handles mobile accordion interaction","invocations":1,"location":null,"numPassingAsserts":0,"retryReasons":[],"status":"passed","title":"handles mobile accordion interaction"}],"endTime":1765737459264,"message":"","name":"/Users/hatemnoureddine/workspace/web/resume_1/src/components/sections/Experience.test.tsx","startTime":1765737459208,"status":"passed","summary":""},{"assertionResults":[{"ancestorTitles":["Portfolio Component"],"duration":4,"failureDetails":[],"failureMessages":[],"fullName":"Portfolio Component renders portfolio projects","invocations":1,"location":null,"numPassingAsserts":2,"retryReasons":[],"status":"passed","title":"renders portfolio projects"}],"endTime":1765737459329,"message":"","name":"/Users/hatemnoureddine/workspace/web/resume_1/src/components/sections/Portfolio.test.tsx","startTime":1765737459268,"status":"passed","summary":""},{"assertionResults":[{"ancestorTitles":["ThemeToggle Component"],"duration":5,"failureDetails":[],"failureMessages":[],"fullName":"ThemeToggle Component renders toggle button","invocations":1,"location":null,"numPassingAsserts":1,"retryReasons":[],"status":"passed","title":"renders toggle button"},{"ancestorTitles":["ThemeToggle Component"],"duration":2,"failureDetails":[],"failureMessages":[],"fullName":"ThemeToggle Component toggles theme on click","invocations":1,"location":null,"numPassingAsserts":1,"retryReasons":[],"status":"passed","title":"toggles theme on click"}],"endTime":1765737459399,"message":"","name":"/Users/hatemnoureddine/workspace/web/resume_1/src/components/ui/ThemeToggle.test.tsx","startTime":1765737459334,"status":"passed","summary":""},{"assertionResults":[{"ancestorTitles":["Blog Component"],"duration":4,"failureDetails":[],"failureMessages":[],"fullName":"Blog Component renders blog posts","invocations":1,"location":null,"numPassingAsserts":2,"retryReasons":[],"status":"passed","title":"renders blog posts"}],"endTime":1765737459455,"message":"","name":"/Users/hatemnoureddine/workspace/web/resume_1/src/components/sections/Blog.test.tsx","startTime":1765737459403,"status":"passed","summary":""}],"wasInterrupted":false,"coverageMap":{"/Users/hatemnoureddine/workspace/web/resume_1/src/components/sections/Skills.tsx":{"path":"/Users/hatemnoureddine/workspace/web/resume_1/src/components/sections/Skills.tsx","statementMap":{"0":{"start":{"line":198,"column":16},"end":{"line":198,"column":null}},"1":{"start":{"line":3,"column":25},"end":{"line":3,"column":null}},"2":{"start":{"line":4,"column":23},"end":{"line":4,"column":null}},"3":{"start":{"line":5,"column":28},"end":{"line":5,"column":null}},"4":{"start":{"line":24,"column":7},"end":{"line":24,"column":null}},"5":{"start":{"line":40,"column":21},"end":{"line":83,"column":null}},"6":{"start":{"line":41,"column":4},"end":{"line":61,"column":null}},"7":{"start":{"line":42,"column":57},"end":{"line":59,"column":null}},"8":{"start":{"line":60,"column":8},"end":{"line":60,"column":null}},"9":{"start":{"line":60,"column":35},"end":{"line":60,"column":null}},"10":{"start":{"line":63,"column":23},"end":{"line":63,"column":null}},"11":{"start":{"line":100,"column":30},"end":{"line":100,"column":null}},"12":{"start":{"line":101,"column":29},"end":{"line":101,"column":null}},"13":{"start":{"line":102,"column":29},"end":{"line":102,"column":null}},"14":{"start":{"line":104,"column":16},"end":{"line":106,"column":null}},"15":{"start":{"line":137,"column":31},"end":{"line":137,"column":61}},"16":{"start":{"line":138,"column":16},"end":{"line":140,"column":null}},"17":{"start":{"line":149,"column":43},"end":{"line":149,"column":null}},"18":{"start":{"line":172,"column":51},"end":{"line":172,"column":107}},"19":{"start":{"line":173,"column":52},"end":{"line":173,"column":null}},"20":{"start":{"line":174,"column":49},"end":{"line":174,"column":null}},"21":{"start":{"line":176,"column":56},"end":{"line":176,"column":87}},"22":{"start":{"line":177,"column":50},"end":{"line":177,"column":null}},"23":{"start":{"line":179,"column":36},"end":{"line":181,"column":null}},"24":{"start":{"line":199,"column":18},"end":{"line":199,"column":null}},"25":{"start":{"line":200,"column":23},"end":{"line":200,"column":null}},"26":{"start":{"line":202,"column":44},"end":{"line":202,"column":null}},"27":{"start":{"line":203,"column":38},"end":{"line":203,"column":null}},"28":{"start":{"line":225,"column":39},"end":{"line":225,"column":null}},"29":{"start":{"line":231,"column":39},"end":{"line":231,"column":null}}},"fnMap":{"0":{"name":"(anonymous_1)","decl":{"start":{"line":40,"column":21},"end":{"line":40,"column":22}},"loc":{"start":{"line":40,"column":41},"end":{"line":83,"column":null}}},"1":{"name":"(anonymous_3)","decl":{"start":{"line":99,"column":23},"end":{"line":99,"column":24}},"loc":{"start":{"line":99,"column":50},"end":{"line":119,"column":null}}},"2":{"name":"(anonymous_5)","decl":{"start":{"line":136,"column":28},"end":{"line":136,"column":29}},"loc":{"start":{"line":136,"column":54},"end":{"line":193,"column":null}}},"3":{"name":"(anonymous_6)","decl":{"start":{"line":149,"column":37},"end":{"line":149,"column":43}},"loc":{"start":{"line":149,"column":43},"end":{"line":149,"column":null}}},"4":{"name":"(anonymous_7)","decl":{"start":{"line":171,"column":52},"end":{"line":171,"column":53}},"loc":{"start":{"line":171,"column":80},"end":{"line":188,"column":null}}},"5":{"name":"Skills","decl":{"start":{"line":198,"column":16},"end":{"line":198,"column":null}},"loc":{"start":{"line":198,"column":16},"end":{"line":267,"column":null}}},"6":{"name":"(anonymous_9)","decl":{"start":{"line":225,"column":33},"end":{"line":225,"column":39}},"loc":{"start":{"line":225,"column":39},"end":{"line":225,"column":null}}},"7":{"name":"(anonymous_10)","decl":{"start":{"line":231,"column":33},"end":{"line":231,"column":39}},"loc":{"start":{"line":231,"column":39},"end":{"line":231,"column":null}}}},"branchMap":{"0":{"loc":{"start":{"line":41,"column":4},"end":{"line":61,"column":null}},"type":"if","locations":[{"start":{"line":41,"column":4},"end":{"line":61,"column":null}}]},"1":{"loc":{"start":{"line":60,"column":8},"end":{"line":60,"column":null}},"type":"if","locations":[{"start":{"line":60,"column":8},"end":{"line":60,"column":null}}]},"2":{"loc":{"start":{"line":66,"column":8},"end":{"line":66,"column":103}},"type":"binary-expr","locations":[{"start":{"line":66,"column":8},"end":{"line":66,"column":42}},{"start":{"line":66,"column":42},"end":{"line":66,"column":75}},{"start":{"line":66,"column":75},"end":{"line":66,"column":103}}]},"3":{"loc":{"start":{"line":67,"column":8},"end":{"line":67,"column":129}},"type":"binary-expr","locations":[{"start":{"line":67,"column":8},"end":{"line":67,"column":41}},{"start":{"line":67,"column":41},"end":{"line":67,"column":73}},{"start":{"line":67,"column":73},"end":{"line":67,"column":102}},{"start":{"line":67,"column":102},"end":{"line":67,"column":129}}]},"4":{"loc":{"start":{"line":68,"column":8},"end":{"line":68,"column":102}},"type":"binary-expr","locations":[{"start":{"line":68,"column":8},"end":{"line":68,"column":39}},{"start":{"line":68,"column":39},"end":{"line":68,"column":72}},{"start":{"line":68,"column":72},"end":{"line":68,"column":102}}]},"5":{"loc":{"start":{"line":69,"column":8},"end":{"line":69,"column":68}},"type":"binary-expr","locations":[{"start":{"line":69,"column":8},"end":{"line":69,"column":38}},{"start":{"line":69,"column":38},"end":{"line":69,"column":68}}]},"6":{"loc":{"start":{"line":70,"column":8},"end":{"line":70,"column":71}},"type":"binary-expr","locations":[{"start":{"line":70,"column":8},"end":{"line":70,"column":39}},{"start":{"line":70,"column":39},"end":{"line":70,"column":71}}]},"7":{"loc":{"start":{"line":71,"column":8},"end":{"line":71,"column":103}},"type":"binary-expr","locations":[{"start":{"line":71,"column":8},"end":{"line":71,"column":38}},{"start":{"line":71,"column":38},"end":{"line":71,"column":71}},{"start":{"line":71,"column":71},"end":{"line":71,"column":103}}]},"8":{"loc":{"start":{"line":72,"column":8},"end":{"line":72,"column":98}},"type":"binary-expr","locations":[{"start":{"line":72,"column":8},"end":{"line":72,"column":39}},{"start":{"line":72,"column":39},"end":{"line":72,"column":69}},{"start":{"line":72,"column":69},"end":{"line":72,"column":98}}]},"9":{"loc":{"start":{"line":74,"column":8},"end":{"line":74,"column":103}},"type":"binary-expr","locations":[{"start":{"line":74,"column":8},"end":{"line":74,"column":39}},{"start":{"line":74,"column":39},"end":{"line":74,"column":71}},{"start":{"line":74,"column":71},"end":{"line":74,"column":103}}]},"10":{"loc":{"start":{"line":75,"column":8},"end":{"line":75,"column":104}},"type":"binary-expr","locations":[{"start":{"line":75,"column":8},"end":{"line":75,"column":40}},{"start":{"line":75,"column":40},"end":{"line":75,"column":74}},{"start":{"line":75,"column":74},"end":{"line":75,"column":104}}]},"11":{"loc":{"start":{"line":76,"column":8},"end":{"line":76,"column":99}},"type":"binary-expr","locations":[{"start":{"line":76,"column":8},"end":{"line":76,"column":38}},{"start":{"line":76,"column":38},"end":{"line":76,"column":70}},{"start":{"line":76,"column":70},"end":{"line":76,"column":99}}]},"12":{"loc":{"start":{"line":77,"column":8},"end":{"line":77,"column":99}},"type":"binary-expr","locations":[{"start":{"line":77,"column":8},"end":{"line":77,"column":37}},{"start":{"line":77,"column":37},"end":{"line":77,"column":67}},{"start":{"line":77,"column":67},"end":{"line":77,"column":99}}]},"13":{"loc":{"start":{"line":78,"column":8},"end":{"line":78,"column":101}},"type":"binary-expr","locations":[{"start":{"line":78,"column":8},"end":{"line":78,"column":41}},{"start":{"line":78,"column":41},"end":{"line":78,"column":72}},{"start":{"line":78,"column":72},"end":{"line":78,"column":101}}]},"14":{"loc":{"start":{"line":80,"column":8},"end":{"line":80,"column":72}},"type":"binary-expr","locations":[{"start":{"line":80,"column":8},"end":{"line":80,"column":43}},{"start":{"line":80,"column":43},"end":{"line":80,"column":72}}]},"15":{"loc":{"start":{"line":101,"column":29},"end":{"line":101,"column":null}},"type":"cond-expr","locations":[{"start":{"line":101,"column":37},"end":{"line":101,"column":61}},{"start":{"line":101,"column":65},"end":{"line":101,"column":null}}]},"16":{"loc":{"start":{"line":102,"column":29},"end":{"line":102,"column":null}},"type":"cond-expr","locations":[{"start":{"line":102,"column":37},"end":{"line":102,"column":61}},{"start":{"line":102,"column":64},"end":{"line":102,"column":null}}]},"17":{"loc":{"start":{"line":146,"column":149},"end":{"line":146,"column":199}},"type":"cond-expr","locations":[{"start":{"line":146,"column":158},"end":{"line":146,"column":195}},{"start":{"line":146,"column":195},"end":{"line":146,"column":199}}]},"18":{"loc":{"start":{"line":149,"column":59},"end":{"line":149,"column":88}},"type":"cond-expr","locations":[{"start":{"line":149,"column":68},"end":{"line":149,"column":75}},{"start":{"line":149,"column":75},"end":{"line":149,"column":88}}]},"19":{"loc":{"start":{"line":161,"column":89},"end":{"line":161,"column":117}},"type":"cond-expr","locations":[{"start":{"line":161,"column":98},"end":{"line":161,"column":113}},{"start":{"line":161,"column":113},"end":{"line":161,"column":117}}]},"20":{"loc":{"start":{"line":166,"column":47},"end":{"line":166,"column":68}},"type":"cond-expr","locations":[{"start":{"line":166,"column":56},"end":{"line":166,"column":65}},{"start":{"line":166,"column":65},"end":{"line":166,"column":68}}]},"21":{"loc":{"start":{"line":166,"column":77},"end":{"line":166,"column":92}},"type":"cond-expr","locations":[{"start":{"line":166,"column":86},"end":{"line":166,"column":90}},{"start":{"line":166,"column":90},"end":{"line":166,"column":92}}]},"22":{"loc":{"start":{"line":172,"column":51},"end":{"line":172,"column":107}},"type":"binary-expr","locations":[{"start":{"line":172,"column":51},"end":{"line":172,"column":80}},{"start":{"line":172,"column":80},"end":{"line":172,"column":107}}]},"23":{"loc":{"start":{"line":173,"column":52},"end":{"line":173,"column":null}},"type":"cond-expr","locations":[{"start":{"line":173,"column":80},"end":{"line":173,"column":105}},{"start":{"line":173,"column":109},"end":{"line":173,"column":null}}]},"24":{"loc":{"start":{"line":174,"column":49},"end":{"line":174,"column":null}},"type":"cond-expr","locations":[{"start":{"line":174,"column":77},"end":{"line":174,"column":102}},{"start":{"line":174,"column":105},"end":{"line":174,"column":null}}]},"25":{"loc":{"start":{"line":176,"column":56},"end":{"line":176,"column":87}},"type":"cond-expr","locations":[{"start":{"line":176,"column":65},"end":{"line":176,"column":73}},{"start":{"line":176,"column":76},"end":{"line":176,"column":87}}]},"26":{"loc":{"start":{"line":177,"column":50},"end":{"line":177,"column":null}},"type":"cond-expr","locations":[{"start":{"line":177,"column":59},"end":{"line":177,"column":122}},{"start":{"line":177,"column":122},"end":{"line":177,"column":null}}]},"27":{"loc":{"start":{"line":183,"column":229},"end":{"line":183,"column":310}},"type":"cond-expr","locations":[{"start":{"line":183,"column":238},"end":{"line":183,"column":292}},{"start":{"line":183,"column":292},"end":{"line":183,"column":310}}]},"28":{"loc":{"start":{"line":226,"column":91},"end":{"line":226,"column":190}},"type":"cond-expr","locations":[{"start":{"line":226,"column":122},"end":{"line":226,"column":148}},{"start":{"line":226,"column":148},"end":{"line":226,"column":190}}]},"29":{"loc":{"start":{"line":232,"column":91},"end":{"line":232,"column":187}},"type":"cond-expr","locations":[{"start":{"line":232,"column":119},"end":{"line":232,"column":145}},{"start":{"line":232,"column":145},"end":{"line":232,"column":187}}]},"30":{"loc":{"start":{"line":241,"column":25},"end":{"line":241,"column":null}},"type":"binary-expr","locations":[{"start":{"line":241,"column":25},"end":{"line":241,"column":null}}]},"31":{"loc":{"start":{"line":244,"column":25},"end":{"line":244,"column":null}},"type":"binary-expr","locations":[{"start":{"line":244,"column":25},"end":{"line":244,"column":null}}]}},"s":{"0":4,"1":1,"2":1,"3":1,"4":1,"5":1,"6":135,"7":0,"8":0,"9":0,"10":135,"11":80,"12":80,"13":80,"14":80,"15":55,"16":55,"17":1,"18":235,"19":235,"20":235,"21":235,"22":235,"23":235,"24":5,"25":5,"26":5,"27":5,"28":0,"29":0},"f":{"0":135,"1":80,"2":55,"3":1,"4":235,"5":5,"6":0,"7":0},"b":{"0":[0],"1":[0],"2":[135,135,120],"3":[120,115,115,115],"4":[115,95,90],"5":[90,80],"6":[65,60],"7":[60,60,60],"8":[60,60,60],"9":[60,60,60],"10":[45,45,45],"11":[45,45,45],"12":[45,40,40],"13":[40,40,40],"14":[30,30],"15":[0,80],"16":[0,80],"17":[1,54],"18":[0,1],"19":[1,54],"20":[1,54],"21":[1,54],"22":[235,0],"23":[0,235],"24":[0,235],"25":[0,235],"26":[0,235],"27":[0,235],"28":[5,0],"29":[0,5],"30":[5],"31":[5]}},"/Users/hatemnoureddine/workspace/web/resume_1/src/context/LanguageContext.tsx":{"path":"/Users/hatemnoureddine/workspace/web/resume_1/src/context/LanguageContext.tsx","statementMap":{"0":{"start":{"line":18,"column":16},"end":{"line":18,"column":33}},"1":{"start":{"line":39,"column":16},"end":{"line":39,"column":null}},"2":{"start":{"line":3,"column":70},"end":{"line":3,"column":null}},"3":{"start":{"line":4,"column":60},"end":{"line":4,"column":null}},"4":{"start":{"line":16,"column":24},"end":{"line":16,"column":null}},"5":{"start":{"line":19,"column":36},"end":{"line":19,"column":null}},"6":{"start":{"line":21,"column":14},"end":{"line":21,"column":31}},"7":{"start":{"line":22,"column":31},"end":{"line":22,"column":null}},"8":{"start":{"line":24,"column":27},"end":{"line":30,"column":null}},"9":{"start":{"line":25,"column":8},"end":{"line":29,"column":null}},"10":{"start":{"line":26,"column":33},"end":{"line":26,"column":null}},"11":{"start":{"line":27,"column":30},"end":{"line":27,"column":76}},"12":{"start":{"line":28,"column":12},"end":{"line":28,"column":null}},"13":{"start":{"line":40,"column":20},"end":{"line":40,"column":null}},"14":{"start":{"line":41,"column":4},"end":{"line":43,"column":null}},"15":{"start":{"line":42,"column":8},"end":{"line":42,"column":null}},"16":{"start":{"line":44,"column":4},"end":{"line":44,"column":null}}},"fnMap":{"0":{"name":"LanguageProvider","decl":{"start":{"line":18,"column":16},"end":{"line":18,"column":33}},"loc":{"start":{"line":18,"column":70},"end":{"line":37,"column":null}}},"1":{"name":"(anonymous_7)","decl":{"start":{"line":24,"column":27},"end":{"line":24,"column":null}},"loc":{"start":{"line":24,"column":27},"end":{"line":30,"column":null}}},"2":{"name":"(anonymous_8)","decl":{"start":{"line":25,"column":20},"end":{"line":25,"column":21}},"loc":{"start":{"line":25,"column":21},"end":{"line":29,"column":null}}},"3":{"name":"useLanguage","decl":{"start":{"line":39,"column":16},"end":{"line":39,"column":null}},"loc":{"start":{"line":39,"column":16},"end":{"line":45,"column":null}}}},"branchMap":{"0":{"loc":{"start":{"line":41,"column":4},"end":{"line":43,"column":null}},"type":"if","locations":[{"start":{"line":41,"column":4},"end":{"line":43,"column":null}}]}},"s":{"0":7,"1":13,"2":2,"3":2,"4":2,"5":7,"6":7,"7":7,"8":7,"9":0,"10":0,"11":0,"12":0,"13":13,"14":13,"15":0,"16":13},"f":{"0":7,"1":0,"2":0,"3":13},"b":{"0":[0]}},"/Users/hatemnoureddine/workspace/web/resume_1/src/locales/index.ts":{"path":"/Users/hatemnoureddine/workspace/web/resume_1/src/locales/index.ts","statementMap":{"0":{"start":{"line":12,"column":13},"end":{"line":12,"column":50}},"1":{"start":{"line":14,"column":13},"end":{"line":14,"column":30}},"2":{"start":{"line":5,"column":13},"end":{"line":5,"column":23}},"3":{"start":{"line":1,"column":19},"end":{"line":1,"column":null}},"4":{"start":{"line":2,"column":19},"end":{"line":2,"column":null}},"5":{"start":{"line":3,"column":19},"end":{"line":3,"column":null}},"6":{"start":{"line":5,"column":23},"end":{"line":9,"column":null}},"7":{"start":{"line":12,"column":50},"end":{"line":12,"column":null}},"8":{"start":{"line":14,"column":30},"end":{"line":18,"column":null}}},"fnMap":{},"branchMap":{},"s":{"0":7,"1":20,"2":14,"3":4,"4":4,"5":4,"6":4,"7":4,"8":4},"f":{},"b":{}},"/Users/hatemnoureddine/workspace/web/resume_1/src/locales/en.ts":{"path":"/Users/hatemnoureddine/workspace/web/resume_1/src/locales/en.ts","statementMap":{"0":{"start":{"line":1,"column":13},"end":{"line":1,"column":18}},"1":{"start":{"line":1,"column":18},"end":{"line":250,"column":null}}},"fnMap":{},"branchMap":{},"s":{"0":4,"1":4},"f":{},"b":{}},"/Users/hatemnoureddine/workspace/web/resume_1/src/locales/fr.ts":{"path":"/Users/hatemnoureddine/workspace/web/resume_1/src/locales/fr.ts","statementMap":{"0":{"start":{"line":1,"column":13},"end":{"line":1,"column":18}},"1":{"start":{"line":1,"column":18},"end":{"line":264,"column":null}}},"fnMap":{},"branchMap":{},"s":{"0":4,"1":4},"f":{},"b":{}},"/Users/hatemnoureddine/workspace/web/resume_1/src/locales/es.ts":{"path":"/Users/hatemnoureddine/workspace/web/resume_1/src/locales/es.ts","statementMap":{"0":{"start":{"line":1,"column":13},"end":{"line":1,"column":18}},"1":{"start":{"line":1,"column":18},"end":{"line":244,"column":null}}},"fnMap":{},"branchMap":{},"s":{"0":4,"1":4},"f":{},"b":{}},"/Users/hatemnoureddine/workspace/web/resume_1/src/components/sections/Hero.tsx":{"path":"/Users/hatemnoureddine/workspace/web/resume_1/src/components/sections/Hero.tsx","statementMap":{"0":{"start":{"line":26,"column":16},"end":{"line":26,"column":null}},"1":{"start":{"line":3,"column":23},"end":{"line":3,"column":null}},"2":{"start":{"line":4,"column":18},"end":{"line":4,"column":null}},"3":{"start":{"line":5,"column":17},"end":{"line":5,"column":null}},"4":{"start":{"line":6,"column":20},"end":{"line":6,"column":null}},"5":{"start":{"line":7,"column":23},"end":{"line":7,"column":null}},"6":{"start":{"line":8,"column":31},"end":{"line":8,"column":null}},"7":{"start":{"line":9,"column":28},"end":{"line":9,"column":null}},"8":{"start":{"line":10,"column":31},"end":{"line":10,"column":null}},"9":{"start":{"line":11,"column":37},"end":{"line":11,"column":119}},"10":{"start":{"line":11,"column":37},"end":{"line":11,"column":84}},"11":{"start":{"line":11,"column":96},"end":{"line":11,"column":114}},"12":{"start":{"line":12,"column":35},"end":{"line":12,"column":113}},"13":{"start":{"line":12,"column":35},"end":{"line":12,"column":80}},"14":{"start":{"line":12,"column":92},"end":{"line":12,"column":108}},"15":{"start":{"line":27,"column":28},"end":{"line":27,"column":null}},"16":{"start":{"line":28,"column":18},"end":{"line":28,"column":77}},"17":{"start":{"line":30,"column":24},"end":{"line":35,"column":null}},"18":{"start":{"line":70,"column":28},"end":{"line":70,"column":null}},"19":{"start":{"line":95,"column":36},"end":{"line":96,"column":null}}},"fnMap":{"0":{"name":"(anonymous_5)","decl":{"start":{"line":11,"column":31},"end":{"line":11,"column":37}},"loc":{"start":{"line":11,"column":37},"end":{"line":11,"column":119}}},"1":{"name":"(anonymous_6)","decl":{"start":{"line":11,"column":37},"end":{"line":11,"column":44}},"loc":{"start":{"line":11,"column":37},"end":{"line":11,"column":84}}},"2":{"name":"(anonymous_7)","decl":{"start":{"line":11,"column":89},"end":{"line":11,"column":96}},"loc":{"start":{"line":11,"column":96},"end":{"line":11,"column":114}}},"3":{"name":"(anonymous_9)","decl":{"start":{"line":12,"column":29},"end":{"line":12,"column":35}},"loc":{"start":{"line":12,"column":35},"end":{"line":12,"column":113}}},"4":{"name":"(anonymous_10)","decl":{"start":{"line":12,"column":35},"end":{"line":12,"column":42}},"loc":{"start":{"line":12,"column":35},"end":{"line":12,"column":80}}},"5":{"name":"(anonymous_11)","decl":{"start":{"line":12,"column":85},"end":{"line":12,"column":92}},"loc":{"start":{"line":12,"column":92},"end":{"line":12,"column":108}}},"6":{"name":"Hero","decl":{"start":{"line":26,"column":16},"end":{"line":26,"column":null}},"loc":{"start":{"line":26,"column":16},"end":{"line":185,"column":null}}},"7":{"name":"(anonymous_17)","decl":{"start":{"line":69,"column":35},"end":{"line":69,"column":36}},"loc":{"start":{"line":70,"column":28},"end":{"line":70,"column":null}}},"8":{"name":"(anonymous_18)","decl":{"start":{"line":94,"column":49},"end":{"line":94,"column":50}},"loc":{"start":{"line":95,"column":36},"end":{"line":96,"column":null}}}},"branchMap":{"0":{"loc":{"start":{"line":14,"column":22},"end":{"line":14,"column":31}},"type":"default-arg","locations":[{"start":{"line":14,"column":29},"end":{"line":14,"column":31}}]},"1":{"loc":{"start":{"line":14,"column":33},"end":{"line":14,"column":47}},"type":"default-arg","locations":[{"start":{"line":14,"column":45},"end":{"line":14,"column":47}}]},"2":{"loc":{"start":{"line":18,"column":24},"end":{"line":18,"column":33}},"type":"default-arg","locations":[{"start":{"line":18,"column":31},"end":{"line":18,"column":33}}]},"3":{"loc":{"start":{"line":18,"column":35},"end":{"line":18,"column":49}},"type":"default-arg","locations":[{"start":{"line":18,"column":47},"end":{"line":18,"column":49}}]},"4":{"loc":{"start":{"line":22,"column":23},"end":{"line":22,"column":32}},"type":"default-arg","locations":[{"start":{"line":22,"column":30},"end":{"line":22,"column":32}}]},"5":{"loc":{"start":{"line":22,"column":34},"end":{"line":22,"column":48}},"type":"default-arg","locations":[{"start":{"line":22,"column":46},"end":{"line":22,"column":48}}]},"6":{"loc":{"start":{"line":28,"column":18},"end":{"line":28,"column":77}},"type":"cond-expr","locations":[{"start":{"line":28,"column":60},"end":{"line":28,"column":72}},{"start":{"line":28,"column":75},"end":{"line":28,"column":77}}]},"7":{"loc":{"start":{"line":28,"column":18},"end":{"line":28,"column":60}},"type":"binary-expr","locations":[{"start":{"line":28,"column":18},"end":{"line":28,"column":25}},{"start":{"line":28,"column":29},"end":{"line":28,"column":60}}]}},"s":{"0":3,"1":1,"2":1,"3":1,"4":1,"5":1,"6":1,"7":1,"8":1,"9":1,"10":1,"11":1,"12":1,"13":1,"14":1,"15":3,"16":3,"17":3,"18":0,"19":12},"f":{"0":1,"1":1,"2":1,"3":1,"4":1,"5":1,"6":3,"7":0,"8":12},"b":{"0":[0],"1":[3],"2":[0],"3":[3],"4":[0],"5":[3],"6":[3,0],"7":[3,3]}},"/Users/hatemnoureddine/workspace/web/resume_1/src/components/ui/Button.tsx":{"path":"/Users/hatemnoureddine/workspace/web/resume_1/src/components/ui/Button.tsx","statementMap":{"0":{"start":{"line":53,"column":9},"end":{"line":53,"column":17}},"1":{"start":{"line":53,"column":17},"end":{"line":53,"column":null}},"2":{"start":{"line":1,"column":23},"end":{"line":1,"column":null}},"3":{"start":{"line":2,"column":21},"end":{"line":2,"column":null}},"4":{"start":{"line":3,"column":39},"end":{"line":3,"column":null}},"5":{"start":{"line":4,"column":19},"end":{"line":4,"column":null}},"6":{"start":{"line":6,"column":23},"end":{"line":30,"column":null}},"7":{"start":{"line":39,"column":15},"end":{"line":49,"column":null}},"8":{"start":{"line":41,"column":21},"end":{"line":41,"column":null}},"9":{"start":{"line":51,"column":0},"end":{"line":51,"column":null}}},"fnMap":{"0":{"name":"(anonymous_6)","decl":{"start":{"line":40,"column":4},"end":{"line":40,"column":5}},"loc":{"start":{"line":40,"column":62},"end":{"line":49,"column":null}}}},"branchMap":{"0":{"loc":{"start":{"line":40,"column":33},"end":{"line":40,"column":48}},"type":"default-arg","locations":[{"start":{"line":40,"column":43},"end":{"line":40,"column":48}}]},"1":{"loc":{"start":{"line":41,"column":21},"end":{"line":41,"column":null}},"type":"cond-expr","locations":[{"start":{"line":41,"column":31},"end":{"line":41,"column":35}},{"start":{"line":41,"column":38},"end":{"line":41,"column":null}}]}},"s":{"0":24,"1":0,"2":4,"3":4,"4":4,"5":4,"6":4,"7":4,"8":24,"9":4},"f":{"0":24},"b":{"0":[12],"1":[12,12]}},"/Users/hatemnoureddine/workspace/web/resume_1/src/lib/utils.ts":{"path":"/Users/hatemnoureddine/workspace/web/resume_1/src/lib/utils.ts","statementMap":{"0":{"start":{"line":4,"column":16},"end":{"line":4,"column":19}},"1":{"start":{"line":1,"column":38},"end":{"line":1,"column":null}},"2":{"start":{"line":2,"column":24},"end":{"line":2,"column":null}},"3":{"start":{"line":5,"column":4},"end":{"line":5,"column":null}}},"fnMap":{"0":{"name":"cn","decl":{"start":{"line":4,"column":16},"end":{"line":4,"column":19}},"loc":{"start":{"line":4,"column":42},"end":{"line":6,"column":null}}}},"branchMap":{},"s":{"0":60,"1":5,"2":5,"3":60},"f":{"0":60},"b":{}},"/Users/hatemnoureddine/workspace/web/resume_1/src/components/sections/Contact.tsx":{"path":"/Users/hatemnoureddine/workspace/web/resume_1/src/components/sections/Contact.tsx","statementMap":{"0":{"start":{"line":15,"column":16},"end":{"line":15,"column":null}},"1":{"start":{"line":3,"column":25},"end":{"line":3,"column":null}},"2":{"start":{"line":4,"column":23},"end":{"line":4,"column":null}},"3":{"start":{"line":5,"column":31},"end":{"line":5,"column":null}},"4":{"start":{"line":6,"column":23},"end":{"line":6,"column":null}},"5":{"start":{"line":7,"column":36},"end":{"line":7,"column":null}},"6":{"start":{"line":8,"column":28},"end":{"line":8,"column":null}},"7":{"start":{"line":16,"column":18},"end":{"line":16,"column":null}},"8":{"start":{"line":17,"column":24},"end":{"line":17,"column":null}},"9":{"start":{"line":19,"column":32},"end":{"line":19,"column":null}},"10":{"start":{"line":21,"column":26},"end":{"line":24,"column":null}},"11":{"start":{"line":22,"column":22},"end":{"line":22,"column":null}},"12":{"start":{"line":23,"column":8},"end":{"line":23,"column":null}},"13":{"start":{"line":26,"column":23},"end":{"line":37,"column":null}},"14":{"start":{"line":27,"column":32},"end":{"line":27,"column":40}},"15":{"start":{"line":28,"column":20},"end":{"line":28,"column":null}},"16":{"start":{"line":30,"column":8},"end":{"line":34,"column":null}},"17":{"start":{"line":31,"column":12},"end":{"line":31,"column":null}},"18":{"start":{"line":32,"column":15},"end":{"line":34,"column":null}},"19":{"start":{"line":33,"column":12},"end":{"line":33,"column":null}},"20":{"start":{"line":36,"column":8},"end":{"line":36,"column":null}},"21":{"start":{"line":36,"column":27},"end":{"line":36,"column":null}},"22":{"start":{"line":39,"column":25},"end":{"line":67,"column":null}},"23":{"start":{"line":40,"column":8},"end":{"line":40,"column":null}},"24":{"start":{"line":41,"column":25},"end":{"line":41,"column":null}},"25":{"start":{"line":42,"column":21},"end":{"line":42,"column":null}},"26":{"start":{"line":43,"column":22},"end":{"line":43,"column":null}},"27":{"start":{"line":44,"column":24},"end":{"line":44,"column":null}},"28":{"start":{"line":45,"column":24},"end":{"line":45,"column":null}},"29":{"start":{"line":48,"column":53},"end":{"line":48,"column":null}},"30":{"start":{"line":49,"column":8},"end":{"line":49,"column":null}},"31":{"start":{"line":49,"column":26},"end":{"line":49,"column":null}},"32":{"start":{"line":50,"column":8},"end":{"line":50,"column":null}},"33":{"start":{"line":50,"column":29},"end":{"line":50,"column":null}},"34":{"start":{"line":51,"column":8},"end":{"line":51,"column":null}},"35":{"start":{"line":51,"column":29},"end":{"line":51,"column":null}},"36":{"start":{"line":52,"column":8},"end":{"line":56,"column":null}},"37":{"start":{"line":53,"column":12},"end":{"line":53,"column":null}},"38":{"start":{"line":54,"column":15},"end":{"line":56,"column":null}},"39":{"start":{"line":55,"column":12},"end":{"line":55,"column":null}},"40":{"start":{"line":58,"column":8},"end":{"line":61,"column":null}},"41":{"start":{"line":59,"column":12},"end":{"line":59,"column":null}},"42":{"start":{"line":60,"column":12},"end":{"line":60,"column":null}},"43":{"start":{"line":63,"column":8},"end":{"line":63,"column":null}},"44":{"start":{"line":65,"column":27},"end":{"line":65,"column":166}},"45":{"start":{"line":66,"column":8},"end":{"line":66,"column":null}},"46":{"start":{"line":154,"column":56},"end":{"line":154,"column":null}},"47":{"start":{"line":170,"column":56},"end":{"line":170,"column":null}},"48":{"start":{"line":188,"column":52},"end":{"line":188,"column":null}},"49":{"start":{"line":205,"column":52},"end":{"line":205,"column":null}}},"fnMap":{"0":{"name":"Contact","decl":{"start":{"line":15,"column":16},"end":{"line":15,"column":null}},"loc":{"start":{"line":15,"column":16},"end":{"line":221,"column":null}}},"1":{"name":"(anonymous_2)","decl":{"start":{"line":21,"column":26},"end":{"line":21,"column":27}},"loc":{"start":{"line":21,"column":27},"end":{"line":24,"column":null}}},"2":{"name":"(anonymous_3)","decl":{"start":{"line":26,"column":23},"end":{"line":26,"column":24}},"loc":{"start":{"line":26,"column":24},"end":{"line":37,"column":null}}},"3":{"name":"(anonymous_4)","decl":{"start":{"line":36,"column":18},"end":{"line":36,"column":27}},"loc":{"start":{"line":36,"column":27},"end":{"line":36,"column":null}}},"4":{"name":"(anonymous_5)","decl":{"start":{"line":39,"column":25},"end":{"line":39,"column":26}},"loc":{"start":{"line":39,"column":26},"end":{"line":67,"column":null}}},"5":{"name":"(anonymous_6)","decl":{"start":{"line":154,"column":50},"end":{"line":154,"column":56}},"loc":{"start":{"line":154,"column":56},"end":{"line":154,"column":null}}},"6":{"name":"(anonymous_7)","decl":{"start":{"line":170,"column":50},"end":{"line":170,"column":56}},"loc":{"start":{"line":170,"column":56},"end":{"line":170,"column":null}}},"7":{"name":"(anonymous_8)","decl":{"start":{"line":188,"column":46},"end":{"line":188,"column":52}},"loc":{"start":{"line":188,"column":52},"end":{"line":188,"column":null}}},"8":{"name":"(anonymous_9)","decl":{"start":{"line":205,"column":46},"end":{"line":205,"column":52}},"loc":{"start":{"line":205,"column":52},"end":{"line":205,"column":null}}}},"branchMap":{"0":{"loc":{"start":{"line":30,"column":8},"end":{"line":34,"column":null}},"type":"if","locations":[{"start":{"line":30,"column":8},"end":{"line":34,"column":null}},{"start":{"line":32,"column":15},"end":{"line":34,"column":null}}]},"1":{"loc":{"start":{"line":32,"column":15},"end":{"line":34,"column":null}},"type":"if","locations":[{"start":{"line":32,"column":15},"end":{"line":34,"column":null}}]},"2":{"loc":{"start":{"line":32,"column":19},"end":{"line":32,"column":62}},"type":"binary-expr","locations":[{"start":{"line":32,"column":19},"end":{"line":32,"column":39}},{"start":{"line":32,"column":39},"end":{"line":32,"column":62}}]},"3":{"loc":{"start":{"line":49,"column":8},"end":{"line":49,"column":null}},"type":"if","locations":[{"start":{"line":49,"column":8},"end":{"line":49,"column":null}}]},"4":{"loc":{"start":{"line":50,"column":8},"end":{"line":50,"column":null}},"type":"if","locations":[{"start":{"line":50,"column":8},"end":{"line":50,"column":null}}]},"5":{"loc":{"start":{"line":51,"column":8},"end":{"line":51,"column":null}},"type":"if","locations":[{"start":{"line":51,"column":8},"end":{"line":51,"column":null}}]},"6":{"loc":{"start":{"line":52,"column":8},"end":{"line":56,"column":null}},"type":"if","locations":[{"start":{"line":52,"column":8},"end":{"line":56,"column":null}},{"start":{"line":54,"column":15},"end":{"line":56,"column":null}}]},"7":{"loc":{"start":{"line":54,"column":15},"end":{"line":56,"column":null}},"type":"if","locations":[{"start":{"line":54,"column":15},"end":{"line":56,"column":null}}]},"8":{"loc":{"start":{"line":58,"column":8},"end":{"line":61,"column":null}},"type":"if","locations":[{"start":{"line":58,"column":8},"end":{"line":61,"column":null}}]},"9":{"loc":{"start":{"line":152,"column":161},"end":{"line":152,"column":218}},"type":"cond-expr","locations":[{"start":{"line":152,"column":175},"end":{"line":152,"column":194}},{"start":{"line":152,"column":194},"end":{"line":152,"column":218}}]},"10":{"loc":{"start":{"line":156,"column":37},"end":{"line":156,"column":48}},"type":"binary-expr","locations":[{"start":{"line":156,"column":37},"end":{"line":156,"column":48}}]},"11":{"loc":{"start":{"line":168,"column":161},"end":{"line":168,"column":219}},"type":"cond-expr","locations":[{"start":{"line":168,"column":176},"end":{"line":168,"column":195}},{"start":{"line":168,"column":195},"end":{"line":168,"column":219}}]},"12":{"loc":{"start":{"line":172,"column":37},"end":{"line":172,"column":49}},"type":"binary-expr","locations":[{"start":{"line":172,"column":37},"end":{"line":172,"column":49}}]},"13":{"loc":{"start":{"line":186,"column":157},"end":{"line":186,"column":217}},"type":"cond-expr","locations":[{"start":{"line":186,"column":174},"end":{"line":186,"column":193}},{"start":{"line":186,"column":193},"end":{"line":186,"column":217}}]},"14":{"loc":{"start":{"line":190,"column":33},"end":{"line":190,"column":47}},"type":"binary-expr","locations":[{"start":{"line":190,"column":33},"end":{"line":190,"column":47}}]},"15":{"loc":{"start":{"line":203,"column":169},"end":{"line":203,"column":229}},"type":"cond-expr","locations":[{"start":{"line":203,"column":186},"end":{"line":203,"column":205}},{"start":{"line":203,"column":205},"end":{"line":203,"column":229}}]},"16":{"loc":{"start":{"line":207,"column":33},"end":{"line":207,"column":47}},"type":"binary-expr","locations":[{"start":{"line":207,"column":33},"end":{"line":207,"column":47}}]}},"s":{"0":3,"1":1,"2":1,"3":1,"4":1,"5":1,"6":1,"7":8,"8":8,"9":8,"10":8,"11":1,"12":1,"13":8,"14":0,"15":0,"16":0,"17":0,"18":0,"19":0,"20":0,"21":0,"22":8,"23":1,"24":1,"25":1,"26":1,"27":1,"28":1,"29":1,"30":1,"31":0,"32":1,"33":0,"34":1,"35":0,"36":1,"37":0,"38":1,"39":0,"40":1,"41":0,"42":0,"43":1,"44":1,"45":1,"46":1,"47":1,"48":1,"49":1},"f":{"0":8,"1":1,"2":0,"3":0,"4":1,"5":1,"6":1,"7":1,"8":1},"b":{"0":[0,0],"1":[0],"2":[0,0],"3":[0],"4":[0],"5":[0],"6":[0,1],"7":[0],"8":[0],"9":[0,8],"10":[8],"11":[0,8],"12":[8],"13":[0,8],"14":[8],"15":[0,8],"16":[8]}},"/Users/hatemnoureddine/workspace/web/resume_1/src/components/ui/SectionHeading.tsx":{"path":"/Users/hatemnoureddine/workspace/web/resume_1/src/components/ui/SectionHeading.tsx","statementMap":{"0":{"start":{"line":13,"column":16},"end":{"line":13,"column":31}},"1":{"start":{"line":3,"column":23},"end":{"line":3,"column":null}},"2":{"start":{"line":4,"column":19},"end":{"line":4,"column":null}}},"fnMap":{"0":{"name":"SectionHeading","decl":{"start":{"line":13,"column":16},"end":{"line":13,"column":31}},"loc":{"start":{"line":13,"column":100},"end":{"line":36,"column":null}}}},"branchMap":{"0":{"loc":{"start":{"line":13,"column":61},"end":{"line":13,"column":77}},"type":"default-arg","locations":[{"start":{"line":13,"column":69},"end":{"line":13,"column":77}}]},"1":{"loc":{"start":{"line":15,"column":36},"end":{"line":15,"column":86}},"type":"cond-expr","locations":[{"start":{"line":15,"column":57},"end":{"line":15,"column":73}},{"start":{"line":15,"column":73},"end":{"line":15,"column":86}}]}},"s":{"0":8,"1":1,"2":1},"f":{"0":8},"b":{"0":[8],"1":[8,0]}},"/Users/hatemnoureddine/workspace/web/resume_1/src/components/layout/Header.tsx":{"path":"/Users/hatemnoureddine/workspace/web/resume_1/src/components/layout/Header.tsx","statementMap":{"0":{"start":{"line":15,"column":16},"end":{"line":15,"column":23}},"1":{"start":{"line":3,"column":44},"end":{"line":3,"column":null}},"2":{"start":{"line":4,"column":29},"end":{"line":4,"column":null}},"3":{"start":{"line":5,"column":17},"end":{"line":5,"column":null}},"4":{"start":{"line":6,"column":44},"end":{"line":6,"column":null}},"5":{"start":{"line":7,"column":40},"end":{"line":7,"column":null}},"6":{"start":{"line":8,"column":19},"end":{"line":8,"column":null}},"7":{"start":{"line":9,"column":23},"end":{"line":9,"column":null}},"8":{"start":{"line":10,"column":28},"end":{"line":10,"column":null}},"9":{"start":{"line":11,"column":31},"end":{"line":11,"column":null}},"10":{"start":{"line":12,"column":28},"end":{"line":12,"column":null}},"11":{"start":{"line":13,"column":21},"end":{"line":13,"column":null}},"12":{"start":{"line":16,"column":61},"end":{"line":16,"column":null}},"13":{"start":{"line":17,"column":48},"end":{"line":17,"column":null}},"14":{"start":{"line":18,"column":40},"end":{"line":18,"column":null}},"15":{"start":{"line":19,"column":56},"end":{"line":19,"column":null}},"16":{"start":{"line":20,"column":34},"end":{"line":20,"column":null}},"17":{"start":{"line":21,"column":28},"end":{"line":21,"column":null}},"18":{"start":{"line":23,"column":4},"end":{"line":26,"column":null}},"19":{"start":{"line":25,"column":8},"end":{"line":25,"column":null}},"20":{"start":{"line":28,"column":4},"end":{"line":39,"column":null}},"21":{"start":{"line":29,"column":35},"end":{"line":33,"column":null}},"22":{"start":{"line":30,"column":12},"end":{"line":32,"column":null}},"23":{"start":{"line":31,"column":16},"end":{"line":31,"column":null}},"24":{"start":{"line":35,"column":8},"end":{"line":35,"column":null}},"25":{"start":{"line":36,"column":8},"end":{"line":38,"column":null}},"26":{"start":{"line":37,"column":12},"end":{"line":37,"column":null}},"27":{"start":{"line":41,"column":4},"end":{"line":47,"column":null}},"28":{"start":{"line":42,"column":29},"end":{"line":44,"column":null}},"29":{"start":{"line":43,"column":12},"end":{"line":43,"column":null}},"30":{"start":{"line":45,"column":8},"end":{"line":45,"column":null}},"31":{"start":{"line":46,"column":8},"end":{"line":46,"column":null}},"32":{"start":{"line":46,"column":21},"end":{"line":46,"column":null}},"33":{"start":{"line":50,"column":4},"end":{"line":59,"column":null}},"34":{"start":{"line":51,"column":8},"end":{"line":55,"column":null}},"35":{"start":{"line":52,"column":12},"end":{"line":52,"column":null}},"36":{"start":{"line":54,"column":12},"end":{"line":54,"column":null}},"37":{"start":{"line":56,"column":8},"end":{"line":58,"column":null}},"38":{"start":{"line":57,"column":12},"end":{"line":57,"column":null}},"39":{"start":{"line":61,"column":27},"end":{"line":61,"column":50}},"40":{"start":{"line":62,"column":26},"end":{"line":62,"column":null}},"41":{"start":{"line":64,"column":21},"end":{"line":68,"column":null}},"42":{"start":{"line":65,"column":8},"end":{"line":65,"column":null}},"43":{"start":{"line":65,"column":45},"end":{"line":65,"column":null}},"44":{"start":{"line":66,"column":8},"end":{"line":66,"column":null}},"45":{"start":{"line":66,"column":40},"end":{"line":66,"column":null}},"46":{"start":{"line":67,"column":8},"end":{"line":67,"column":null}},"47":{"start":{"line":87,"column":24},"end":{"line":88,"column":null}},"48":{"start":{"line":100,"column":47},"end":{"line":100,"column":null}},"49":{"start":{"line":124,"column":48},"end":{"line":125,"column":null}},"50":{"start":{"line":127,"column":56},"end":{"line":127,"column":null}},"51":{"start":{"line":128,"column":56},"end":{"line":128,"column":null}},"52":{"start":{"line":162,"column":39},"end":{"line":162,"column":null}},"53":{"start":{"line":184,"column":51},"end":{"line":184,"column":null}},"54":{"start":{"line":193,"column":36},"end":{"line":194,"column":null}},"55":{"start":{"line":197,"column":55},"end":{"line":197,"column":null}},"56":{"start":{"line":203,"column":108},"end":{"line":203,"column":134}},"57":{"start":{"line":211,"column":69},"end":{"line":211,"column":null}},"58":{"start":{"line":212,"column":66},"end":{"line":212,"column":112}},"59":{"start":{"line":213,"column":48},"end":{"line":213,"column":null}}},"fnMap":{"0":{"name":"Header","decl":{"start":{"line":15,"column":16},"end":{"line":15,"column":23}},"loc":{"start":{"line":15,"column":74},"end":{"line":232,"column":null}}},"1":{"name":"(anonymous_3)","decl":{"start":{"line":23,"column":14},"end":{"line":23,"column":null}},"loc":{"start":{"line":23,"column":14},"end":{"line":26,"column":7}}},"2":{"name":"(anonymous_4)","decl":{"start":{"line":28,"column":14},"end":{"line":28,"column":null}},"loc":{"start":{"line":28,"column":14},"end":{"line":39,"column":7}}},"3":{"name":"(anonymous_5)","decl":{"start":{"line":29,"column":35},"end":{"line":29,"column":36}},"loc":{"start":{"line":29,"column":36},"end":{"line":33,"column":null}}},"4":{"name":"(anonymous_6)","decl":{"start":{"line":36,"column":15},"end":{"line":36,"column":null}},"loc":{"start":{"line":36,"column":15},"end":{"line":38,"column":null}}},"5":{"name":"(anonymous_7)","decl":{"start":{"line":41,"column":14},"end":{"line":41,"column":null}},"loc":{"start":{"line":41,"column":14},"end":{"line":47,"column":7}}},"6":{"name":"(anonymous_8)","decl":{"start":{"line":42,"column":29},"end":{"line":42,"column":null}},"loc":{"start":{"line":42,"column":29},"end":{"line":44,"column":null}}},"7":{"name":"(anonymous_9)","decl":{"start":{"line":46,"column":15},"end":{"line":46,"column":21}},"loc":{"start":{"line":46,"column":21},"end":{"line":46,"column":null}}},"8":{"name":"(anonymous_10)","decl":{"start":{"line":50,"column":14},"end":{"line":50,"column":null}},"loc":{"start":{"line":50,"column":14},"end":{"line":59,"column":7}}},"9":{"name":"(anonymous_11)","decl":{"start":{"line":56,"column":15},"end":{"line":56,"column":null}},"loc":{"start":{"line":56,"column":15},"end":{"line":58,"column":null}}},"10":{"name":"(anonymous_12)","decl":{"start":{"line":64,"column":41},"end":{"line":64,"column":null}},"loc":{"start":{"line":64,"column":41},"end":{"line":68,"column":null}}},"11":{"name":"(anonymous_13)","decl":{"start":{"line":86,"column":34},"end":{"line":86,"column":35}},"loc":{"start":{"line":87,"column":24},"end":{"line":88,"column":null}}},"12":{"name":"(anonymous_14)","decl":{"start":{"line":100,"column":41},"end":{"line":100,"column":47}},"loc":{"start":{"line":100,"column":47},"end":{"line":100,"column":null}}},"13":{"name":"(anonymous_15)","decl":{"start":{"line":123,"column":68},"end":{"line":123,"column":69}},"loc":{"start":{"line":124,"column":48},"end":{"line":125,"column":null}}},"14":{"name":"(anonymous_16)","decl":{"start":{"line":126,"column":61},"end":{"line":126,"column":null}},"loc":{"start":{"line":126,"column":61},"end":{"line":129,"column":null}}},"15":{"name":"(anonymous_17)","decl":{"start":{"line":162,"column":33},"end":{"line":162,"column":39}},"loc":{"start":{"line":162,"column":39},"end":{"line":162,"column":null}}},"16":{"name":"(anonymous_18)","decl":{"start":{"line":184,"column":45},"end":{"line":184,"column":51}},"loc":{"start":{"line":184,"column":51},"end":{"line":184,"column":null}}},"17":{"name":"(anonymous_19)","decl":{"start":{"line":192,"column":46},"end":{"line":192,"column":47}},"loc":{"start":{"line":193,"column":36},"end":{"line":194,"column":null}}},"18":{"name":"(anonymous_20)","decl":{"start":{"line":197,"column":49},"end":{"line":197,"column":55}},"loc":{"start":{"line":197,"column":55},"end":{"line":197,"column":null}}},"19":{"name":"(anonymous_21)","decl":{"start":{"line":203,"column":102},"end":{"line":203,"column":108}},"loc":{"start":{"line":203,"column":108},"end":{"line":203,"column":134}}},"20":{"name":"(anonymous_22)","decl":{"start":{"line":210,"column":53},"end":{"line":210,"column":null}},"loc":{"start":{"line":210,"column":53},"end":{"line":214,"column":null}}}},"branchMap":{"0":{"loc":{"start":{"line":15,"column":25},"end":{"line":15,"column":44}},"type":"default-arg","locations":[{"start":{"line":15,"column":40},"end":{"line":15,"column":44}}]},"1":{"loc":{"start":{"line":30,"column":12},"end":{"line":32,"column":null}},"type":"if","locations":[{"start":{"line":30,"column":12},"end":{"line":32,"column":null}}]},"2":{"loc":{"start":{"line":30,"column":16},"end":{"line":30,"column":100}},"type":"binary-expr","locations":[{"start":{"line":30,"column":16},"end":{"line":30,"column":39}},{"start":{"line":30,"column":43},"end":{"line":30,"column":100}}]},"3":{"loc":{"start":{"line":51,"column":8},"end":{"line":55,"column":null}},"type":"if","locations":[{"start":{"line":51,"column":8},"end":{"line":55,"column":null}},{"start":{"line":53,"column":15},"end":{"line":55,"column":null}}]},"4":{"loc":{"start":{"line":61,"column":27},"end":{"line":61,"column":50}},"type":"binary-expr","locations":[{"start":{"line":61,"column":27},"end":{"line":61,"column":44}},{"start":{"line":61,"column":48},"end":{"line":61,"column":50}}]},"5":{"loc":{"start":{"line":65,"column":8},"end":{"line":65,"column":null}},"type":"if","locations":[{"start":{"line":65,"column":8},"end":{"line":65,"column":null}}]},"6":{"loc":{"start":{"line":66,"column":8},"end":{"line":66,"column":null}},"type":"if","locations":[{"start":{"line":66,"column":8},"end":{"line":66,"column":null}}]},"7":{"loc":{"start":{"line":74,"column":16},"end":{"line":74,"column":null}},"type":"cond-expr","locations":[{"start":{"line":74,"column":29},"end":{"line":74,"column":82}},{"start":{"line":74,"column":82},"end":{"line":74,"column":null}}]},"8":{"loc":{"start":{"line":97,"column":21},"end":{"line":97,"column":null}},"type":"binary-expr","locations":[{"start":{"line":97,"column":21},"end":{"line":97,"column":null}}]},"9":{"loc":{"start":{"line":108,"column":40},"end":{"line":108,"column":null}},"type":"cond-expr","locations":[{"start":{"line":108,"column":61},"end":{"line":108,"column":76}},{"start":{"line":108,"column":76},"end":{"line":108,"column":null}}]},"10":{"loc":{"start":{"line":114,"column":33},"end":{"line":114,"column":null}},"type":"binary-expr","locations":[{"start":{"line":114,"column":33},"end":{"line":114,"column":null}}]},"11":{"loc":{"start":{"line":132,"column":56},"end":{"line":134,"column":null}},"type":"cond-expr","locations":[{"start":{"line":133,"column":62},"end":{"line":133,"column":null}},{"start":{"line":134,"column":62},"end":{"line":134,"column":null}}]},"12":{"loc":{"start":{"line":141,"column":53},"end":{"line":141,"column":74}},"type":"binary-expr","locations":[{"start":{"line":141,"column":53},"end":{"line":141,"column":74}}]},"13":{"loc":{"start":{"line":171,"column":13},"end":{"line":228,"column":null}},"type":"binary-expr","locations":[{"start":{"line":171,"column":13},"end":{"line":171,"column":24}},{"start":{"line":171,"column":24},"end":{"line":228,"column":null}}]},"14":{"loc":{"start":{"line":173,"column":21},"end":{"line":173,"column":null}},"type":"binary-expr","locations":[{"start":{"line":173,"column":21},"end":{"line":173,"column":null}}]},"15":{"loc":{"start":{"line":208,"column":37},"end":{"line":208,"column":null}},"type":"binary-expr","locations":[{"start":{"line":208,"column":37},"end":{"line":208,"column":null}}]}},"s":{"0":3,"1":1,"2":1,"3":1,"4":1,"5":1,"6":1,"7":1,"8":1,"9":1,"10":1,"11":1,"12":9,"13":9,"14":9,"15":9,"16":9,"17":9,"18":9,"19":3,"20":9,"21":3,"22":0,"23":0,"24":3,"25":3,"26":3,"27":9,"28":3,"29":0,"30":3,"31":3,"32":3,"33":9,"34":3,"35":0,"36":3,"37":3,"38":3,"39":9,"40":9,"41":9,"42":18,"43":0,"44":18,"45":9,"46":9,"47":18,"48":2,"49":4,"50":1,"51":1,"52":0,"53":0,"54":0,"55":0,"56":0,"57":0,"58":0,"59":0},"f":{"0":9,"1":3,"2":3,"3":0,"4":3,"5":3,"6":0,"7":3,"8":3,"9":3,"10":18,"11":18,"12":2,"13":4,"14":1,"15":0,"16":0,"17":0,"18":0,"19":0,"20":0},"b":{"0":[9],"1":[0],"2":[0,0],"3":[0,3],"4":[9,0],"5":[0],"6":[9],"7":[0,9],"8":[9],"9":[2,7],"10":[9],"11":[2,2],"12":[4],"13":[9,6],"14":[6],"15":[0]}},"/Users/hatemnoureddine/workspace/web/resume_1/src/components/sections/Experience.tsx":{"path":"/Users/hatemnoureddine/workspace/web/resume_1/src/components/sections/Experience.tsx","statementMap":{"0":{"start":{"line":10,"column":16},"end":{"line":10,"column":null}},"1":{"start":{"line":3,"column":25},"end":{"line":3,"column":null}},"2":{"start":{"line":4,"column":40},"end":{"line":4,"column":null}},"3":{"start":{"line":5,"column":31},"end":{"line":5,"column":null}},"4":{"start":{"line":6,"column":49},"end":{"line":6,"column":null}},"5":{"start":{"line":7,"column":19},"end":{"line":7,"column":null}},"6":{"start":{"line":8,"column":28},"end":{"line":8,"column":null}},"7":{"start":{"line":11,"column":18},"end":{"line":11,"column":null}},"8":{"start":{"line":12,"column":27},"end":{"line":12,"column":null}},"9":{"start":{"line":17,"column":24},"end":{"line":23,"column":null}},"10":{"start":{"line":19,"column":22},"end":{"line":19,"column":null}},"11":{"start":{"line":21,"column":22},"end":{"line":21,"column":null}},"12":{"start":{"line":22,"column":8},"end":{"line":22,"column":null}},"13":{"start":{"line":25,"column":36},"end":{"line":25,"column":null}},"14":{"start":{"line":28,"column":29},"end":{"line":28,"column":95}},"15":{"start":{"line":28,"column":56},"end":{"line":28,"column":81}},"16":{"start":{"line":31,"column":42},"end":{"line":31,"column":null}},"17":{"start":{"line":33,"column":28},"end":{"line":37,"column":null}},"18":{"start":{"line":34,"column":8},"end":{"line":35,"column":null}},"19":{"start":{"line":35,"column":12},"end":{"line":35,"column":null}},"20":{"start":{"line":35,"column":49},"end":{"line":35,"column":61}},"21":{"start":{"line":52,"column":28},"end":{"line":52,"column":47}},"22":{"start":{"line":54,"column":51},"end":{"line":54,"column":null}},"23":{"start":{"line":99,"column":32},"end":{"line":100,"column":null}},"24":{"start":{"line":101,"column":51},"end":{"line":101,"column":null}}},"fnMap":{"0":{"name":"Experience","decl":{"start":{"line":10,"column":16},"end":{"line":10,"column":null}},"loc":{"start":{"line":10,"column":16},"end":{"line":173,"column":null}}},"1":{"name":"(anonymous_2)","decl":{"start":{"line":17,"column":51},"end":{"line":17,"column":52}},"loc":{"start":{"line":17,"column":55},"end":{"line":23,"column":null}}},"2":{"name":"(anonymous_3)","decl":{"start":{"line":28,"column":46},"end":{"line":28,"column":47}},"loc":{"start":{"line":28,"column":56},"end":{"line":28,"column":81}}},"3":{"name":"(anonymous_4)","decl":{"start":{"line":33,"column":28},"end":{"line":33,"column":29}},"loc":{"start":{"line":33,"column":29},"end":{"line":37,"column":null}}},"4":{"name":"(anonymous_5)","decl":{"start":{"line":34,"column":23},"end":{"line":34,"column":null}},"loc":{"start":{"line":35,"column":12},"end":{"line":35,"column":null}}},"5":{"name":"(anonymous_6)","decl":{"start":{"line":35,"column":44},"end":{"line":35,"column":49}},"loc":{"start":{"line":35,"column":49},"end":{"line":35,"column":61}}},"6":{"name":"(anonymous_7)","decl":{"start":{"line":51,"column":41},"end":{"line":51,"column":42}},"loc":{"start":{"line":52,"column":28},"end":{"line":52,"column":47}}},"7":{"name":"(anonymous_8)","decl":{"start":{"line":54,"column":45},"end":{"line":54,"column":51}},"loc":{"start":{"line":54,"column":51},"end":{"line":54,"column":null}}},"8":{"name":"(anonymous_9)","decl":{"start":{"line":98,"column":45},"end":{"line":98,"column":46}},"loc":{"start":{"line":99,"column":32},"end":{"line":100,"column":null}}},"9":{"name":"(anonymous_10)","decl":{"start":{"line":101,"column":45},"end":{"line":101,"column":51}},"loc":{"start":{"line":101,"column":51},"end":{"line":101,"column":null}}}},"branchMap":{"0":{"loc":{"start":{"line":19,"column":31},"end":{"line":19,"column":66}},"type":"binary-expr","locations":[{"start":{"line":19,"column":31},"end":{"line":19,"column":51}},{"start":{"line":19,"column":55},"end":{"line":19,"column":66}}]},"1":{"loc":{"start":{"line":21,"column":31},"end":{"line":21,"column":66}},"type":"binary-expr","locations":[{"start":{"line":21,"column":31},"end":{"line":21,"column":51}},{"start":{"line":21,"column":55},"end":{"line":21,"column":66}}]},"2":{"loc":{"start":{"line":28,"column":29},"end":{"line":28,"column":95}},"type":"binary-expr","locations":[{"start":{"line":28,"column":29},"end":{"line":28,"column":81}},{"start":{"line":28,"column":81},"end":{"line":28,"column":95}}]},"3":{"loc":{"start":{"line":35,"column":12},"end":{"line":35,"column":null}},"type":"cond-expr","locations":[{"start":{"line":35,"column":32},"end":{"line":35,"column":61}},{"start":{"line":35,"column":61},"end":{"line":35,"column":null}}]},"4":{"loc":{"start":{"line":61,"column":69},"end":{"line":61,"column":111}},"type":"cond-expr","locations":[{"start":{"line":61,"column":69},"end":{"line":61,"column":111}}]},"5":{"loc":{"start":{"line":65,"column":37},"end":{"line":65,"column":null}},"type":"binary-expr","locations":[{"start":{"line":65,"column":37},"end":{"line":65,"column":null}}]},"6":{"loc":{"start":{"line":104,"column":40},"end":{"line":106,"column":null}},"type":"cond-expr","locations":[{"start":{"line":105,"column":46},"end":{"line":105,"column":null}},{"start":{"line":106,"column":46},"end":{"line":106,"column":null}}]},"7":{"loc":{"start":{"line":110,"column":73},"end":{"line":110,"column":null}},"type":"cond-expr","locations":[{"start":{"line":110,"column":96},"end":{"line":110,"column":114}},{"start":{"line":110,"column":114},"end":{"line":110,"column":null}}]}},"s":{"0":3,"1":1,"2":1,"3":1,"4":1,"5":1,"6":1,"7":3,"8":3,"9":3,"10":0,"11":0,"12":0,"13":3,"14":3,"15":3,"16":3,"17":3,"18":0,"19":0,"20":0,"21":3,"22":0,"23":3,"24":0},"f":{"0":3,"1":0,"2":3,"3":0,"4":0,"5":0,"6":3,"7":0,"8":3,"9":0},"b":{"0":[0,0],"1":[0,0],"2":[3,0],"3":[0,0],"4":[3],"5":[3],"6":[3,0],"7":[3,0]}},"/Users/hatemnoureddine/workspace/web/resume_1/src/components/sections/Portfolio.tsx":{"path":"/Users/hatemnoureddine/workspace/web/resume_1/src/components/sections/Portfolio.tsx","statementMap":{"0":{"start":{"line":12,"column":16},"end":{"line":12,"column":null}},"1":{"start":{"line":3,"column":25},"end":{"line":3,"column":null}},"2":{"start":{"line":4,"column":40},"end":{"line":4,"column":null}},"3":{"start":{"line":5,"column":18},"end":{"line":5,"column":null}},"4":{"start":{"line":6,"column":17},"end":{"line":6,"column":null}},"5":{"start":{"line":7,"column":31},"end":{"line":7,"column":null}},"6":{"start":{"line":8,"column":41},"end":{"line":8,"column":null}},"7":{"start":{"line":9,"column":23},"end":{"line":9,"column":null}},"8":{"start":{"line":10,"column":28},"end":{"line":10,"column":null}},"9":{"start":{"line":13,"column":18},"end":{"line":13,"column":null}},"10":{"start":{"line":14,"column":26},"end":{"line":14,"column":43}},"11":{"start":{"line":15,"column":32},"end":{"line":15,"column":null}},"12":{"start":{"line":17,"column":23},"end":{"line":17,"column":null}},"13":{"start":{"line":17,"column":81},"end":{"line":17,"column":94}},"14":{"start":{"line":19,"column":29},"end":{"line":21,"column":null}},"15":{"start":{"line":21,"column":41},"end":{"line":21,"column":null}},"16":{"start":{"line":23,"column":4},"end":{"line":25,"column":null}},"17":{"start":{"line":24,"column":8},"end":{"line":24,"column":null}},"18":{"start":{"line":28,"column":28},"end":{"line":28,"column":null}},"19":{"start":{"line":42,"column":24},"end":{"line":43,"column":null}},"20":{"start":{"line":44,"column":43},"end":{"line":44,"column":null}},"21":{"start":{"line":62,"column":28},"end":{"line":63,"column":null}}},"fnMap":{"0":{"name":"Portfolio","decl":{"start":{"line":12,"column":16},"end":{"line":12,"column":null}},"loc":{"start":{"line":12,"column":16},"end":{"line":110,"column":null}}},"1":{"name":"(anonymous_3)","decl":{"start":{"line":17,"column":71},"end":{"line":17,"column":72}},"loc":{"start":{"line":17,"column":81},"end":{"line":17,"column":94}}},"2":{"name":"(anonymous_4)","decl":{"start":{"line":21,"column":31},"end":{"line":21,"column":32}},"loc":{"start":{"line":21,"column":41},"end":{"line":21,"column":null}}},"3":{"name":"(anonymous_5)","decl":{"start":{"line":41,"column":36},"end":{"line":41,"column":37}},"loc":{"start":{"line":42,"column":24},"end":{"line":43,"column":null}}},"4":{"name":"(anonymous_6)","decl":{"start":{"line":44,"column":37},"end":{"line":44,"column":43}},"loc":{"start":{"line":44,"column":43},"end":{"line":44,"column":null}}},"5":{"name":"(anonymous_7)","decl":{"start":{"line":61,"column":45},"end":{"line":61,"column":46}},"loc":{"start":{"line":62,"column":28},"end":{"line":63,"column":null}}}},"branchMap":{"0":{"loc":{"start":{"line":19,"column":29},"end":{"line":21,"column":null}},"type":"cond-expr","locations":[{"start":{"line":20,"column":10},"end":{"line":20,"column":null}},{"start":{"line":21,"column":10},"end":{"line":21,"column":null}}]},"1":{"loc":{"start":{"line":23,"column":4},"end":{"line":25,"column":null}},"type":"if","locations":[{"start":{"line":23,"column":4},"end":{"line":25,"column":null}}]},"2":{"loc":{"start":{"line":23,"column":8},"end":{"line":23,"column":54}},"type":"binary-expr","locations":[{"start":{"line":23,"column":8},"end":{"line":23,"column":26}},{"start":{"line":23,"column":26},"end":{"line":23,"column":54}}]},"3":{"loc":{"start":{"line":45,"column":113},"end":{"line":47,"column":null}},"type":"cond-expr","locations":[{"start":{"line":46,"column":34},"end":{"line":46,"column":null}},{"start":{"line":47,"column":34},"end":{"line":47,"column":null}}]}},"s":{"0":1,"1":1,"2":1,"3":1,"4":1,"5":1,"6":1,"7":1,"8":1,"9":1,"10":1,"11":1,"12":1,"13":1,"14":1,"15":0,"16":1,"17":0,"18":1,"19":2,"20":0,"21":1},"f":{"0":1,"1":1,"2":0,"3":2,"4":0,"5":1},"b":{"0":[1,0],"1":[0],"2":[1,1],"3":[1,1]}},"/Users/hatemnoureddine/workspace/web/resume_1/src/components/ui/ThemeToggle.tsx":{"path":"/Users/hatemnoureddine/workspace/web/resume_1/src/components/ui/ThemeToggle.tsx","statementMap":{"0":{"start":{"line":8,"column":16},"end":{"line":8,"column":null}},"1":{"start":{"line":3,"column":26},"end":{"line":3,"column":null}},"2":{"start":{"line":4,"column":25},"end":{"line":4,"column":null}},"3":{"start":{"line":5,"column":23},"end":{"line":5,"column":null}},"4":{"start":{"line":6,"column":36},"end":{"line":6,"column":null}},"5":{"start":{"line":9,"column":32},"end":{"line":9,"column":null}},"6":{"start":{"line":10,"column":34},"end":{"line":10,"column":null}},"7":{"start":{"line":12,"column":4},"end":{"line":15,"column":null}},"8":{"start":{"line":14,"column":8},"end":{"line":14,"column":null}},"9":{"start":{"line":17,"column":4},"end":{"line":24,"column":null}},"10":{"start":{"line":30,"column":27},"end":{"line":30,"column":null}}},"fnMap":{"0":{"name":"ThemeToggle","decl":{"start":{"line":8,"column":16},"end":{"line":8,"column":null}},"loc":{"start":{"line":8,"column":16},"end":{"line":38,"column":null}}},"1":{"name":"(anonymous_2)","decl":{"start":{"line":12,"column":14},"end":{"line":12,"column":null}},"loc":{"start":{"line":12,"column":14},"end":{"line":15,"column":7}}},"2":{"name":"(anonymous_3)","decl":{"start":{"line":30,"column":21},"end":{"line":30,"column":27}},"loc":{"start":{"line":30,"column":27},"end":{"line":30,"column":null}}}},"branchMap":{"0":{"loc":{"start":{"line":17,"column":4},"end":{"line":24,"column":null}},"type":"if","locations":[{"start":{"line":17,"column":4},"end":{"line":24,"column":null}}]},"1":{"loc":{"start":{"line":30,"column":36},"end":{"line":30,"column":null}},"type":"cond-expr","locations":[{"start":{"line":30,"column":55},"end":{"line":30,"column":65}},{"start":{"line":30,"column":65},"end":{"line":30,"column":null}}]}},"s":{"0":2,"1":1,"2":1,"3":1,"4":1,"5":4,"6":4,"7":4,"8":2,"9":4,"10":1},"f":{"0":4,"1":2,"2":1},"b":{"0":[2],"1":[0,1]}},"/Users/hatemnoureddine/workspace/web/resume_1/src/components/sections/Blog.tsx":{"path":"/Users/hatemnoureddine/workspace/web/resume_1/src/components/sections/Blog.tsx","statementMap":{"0":{"start":{"line":49,"column":16},"end":{"line":49,"column":21}},"1":{"start":{"line":3,"column":25},"end":{"line":3,"column":null}},"2":{"start":{"line":4,"column":40},"end":{"line":4,"column":null}},"3":{"start":{"line":5,"column":17},"end":{"line":5,"column":null}},"4":{"start":{"line":6,"column":54},"end":{"line":6,"column":null}},"5":{"start":{"line":8,"column":31},"end":{"line":8,"column":null}},"6":{"start":{"line":9,"column":23},"end":{"line":9,"column":null}},"7":{"start":{"line":10,"column":28},"end":{"line":10,"column":null}},"8":{"start":{"line":13,"column":23},"end":{"line":47,"column":null}},"9":{"start":{"line":14,"column":4},"end":{"line":16,"column":null}},"10":{"start":{"line":50,"column":18},"end":{"line":50,"column":null}},"11":{"start":{"line":51,"column":21},"end":{"line":51,"column":null}},"12":{"start":{"line":52,"column":44},"end":{"line":52,"column":null}},"13":{"start":{"line":54,"column":4},"end":{"line":56,"column":null}},"14":{"start":{"line":55,"column":8},"end":{"line":55,"column":null}},"15":{"start":{"line":58,"column":22},"end":{"line":60,"column":null}},"16":{"start":{"line":59,"column":8},"end":{"line":59,"column":75}},"17":{"start":{"line":59,"column":34},"end":{"line":59,"column":75}},"18":{"start":{"line":62,"column":22},"end":{"line":64,"column":null}},"19":{"start":{"line":63,"column":8},"end":{"line":63,"column":null}},"20":{"start":{"line":63,"column":34},"end":{"line":63,"column":null}},"21":{"start":{"line":66,"column":25},"end":{"line":66,"column":null}},"22":{"start":{"line":91,"column":32},"end":{"line":92,"column":null}},"23":{"start":{"line":107,"column":28},"end":{"line":108,"column":null}},"24":{"start":{"line":149,"column":52},"end":{"line":149,"column":73}}},"fnMap":{"0":{"name":"(anonymous_2)","decl":{"start":{"line":13,"column":23},"end":{"line":13,"column":24}},"loc":{"start":{"line":13,"column":73},"end":{"line":47,"column":null}}},"1":{"name":"Blog","decl":{"start":{"line":49,"column":16},"end":{"line":49,"column":21}},"loc":{"start":{"line":49,"column":49},"end":{"line":156,"column":null}}},"2":{"name":"(anonymous_4)","decl":{"start":{"line":58,"column":22},"end":{"line":58,"column":null}},"loc":{"start":{"line":58,"column":22},"end":{"line":60,"column":null}}},"3":{"name":"(anonymous_5)","decl":{"start":{"line":59,"column":24},"end":{"line":59,"column":25}},"loc":{"start":{"line":59,"column":34},"end":{"line":59,"column":75}}},"4":{"name":"(anonymous_6)","decl":{"start":{"line":62,"column":22},"end":{"line":62,"column":null}},"loc":{"start":{"line":62,"column":22},"end":{"line":64,"column":null}}},"5":{"name":"(anonymous_7)","decl":{"start":{"line":63,"column":24},"end":{"line":63,"column":25}},"loc":{"start":{"line":63,"column":34},"end":{"line":63,"column":null}}},"6":{"name":"(anonymous_8)","decl":{"start":{"line":90,"column":46},"end":{"line":90,"column":47}},"loc":{"start":{"line":91,"column":32},"end":{"line":92,"column":null}}},"7":{"name":"(anonymous_9)","decl":{"start":{"line":106,"column":41},"end":{"line":106,"column":42}},"loc":{"start":{"line":107,"column":28},"end":{"line":108,"column":null}}},"8":{"name":"(anonymous_10)","decl":{"start":{"line":149,"column":47},"end":{"line":149,"column":52}},"loc":{"start":{"line":149,"column":52},"end":{"line":149,"column":73}}}},"branchMap":{"0":{"loc":{"start":{"line":54,"column":4},"end":{"line":56,"column":null}},"type":"if","locations":[{"start":{"line":54,"column":4},"end":{"line":56,"column":null}}]},"1":{"loc":{"start":{"line":54,"column":8},"end":{"line":54,"column":38}},"type":"binary-expr","locations":[{"start":{"line":54,"column":8},"end":{"line":54,"column":18}},{"start":{"line":54,"column":18},"end":{"line":54,"column":38}}]},"2":{"loc":{"start":{"line":93,"column":89},"end":{"line":93,"column":149}},"type":"cond-expr","locations":[{"start":{"line":93,"column":114},"end":{"line":93,"column":129}},{"start":{"line":93,"column":129},"end":{"line":93,"column":149}}]},"3":{"loc":{"start":{"line":106,"column":24},"end":{"line":108,"column":null}},"type":"cond-expr","locations":[{"start":{"line":106,"column":24},"end":{"line":108,"column":null}}]},"4":{"loc":{"start":{"line":149,"column":29},"end":{"line":149,"column":98}},"type":"binary-expr","locations":[{"start":{"line":149,"column":29},"end":{"line":149,"column":81}},{"start":{"line":149,"column":81},"end":{"line":149,"column":98}}]}},"s":{"0":1,"1":1,"2":1,"3":1,"4":1,"5":1,"6":1,"7":1,"8":1,"9":1,"10":1,"11":1,"12":1,"13":1,"14":0,"15":1,"16":0,"17":0,"18":1,"19":0,"20":0,"21":1,"22":1,"23":1,"24":1},"f":{"0":1,"1":1,"2":0,"3":0,"4":0,"5":0,"6":1,"7":1,"8":1},"b":{"0":[0],"1":[1,1],"2":[1,0],"3":[1],"4":[1,0]}},"/Users/hatemnoureddine/workspace/web/resume_1/src/components/sections/ClientCarousel.tsx":{"path":"/Users/hatemnoureddine/workspace/web/resume_1/src/components/sections/ClientCarousel.tsx","statementMap":{"0":{"start":{"line":5,"column":16},"end":{"line":5,"column":null}},"1":{"start":{"line":3,"column":25},"end":{"line":3,"column":null}},"2":{"start":{"line":13,"column":20},"end":{"line":13,"column":37}}},"fnMap":{"0":{"name":"ClientCarousel","decl":{"start":{"line":5,"column":16},"end":{"line":5,"column":null}},"loc":{"start":{"line":5,"column":16},"end":{"line":35,"column":null}}},"1":{"name":"(anonymous_3)","decl":{"start":{"line":12,"column":97},"end":{"line":12,"column":98}},"loc":{"start":{"line":13,"column":20},"end":{"line":13,"column":37}}}},"branchMap":{},"s":{"0":0,"1":0,"2":0},"f":{"0":0,"1":0},"b":{}},"/Users/hatemnoureddine/workspace/web/resume_1/src/app/blog/page.tsx":{"path":"/Users/hatemnoureddine/workspace/web/resume_1/src/app/blog/page.tsx","statementMap":{"0":{"start":{"line":7,"column":24},"end":{"line":7,"column":null}},"1":{"start":{"line":1,"column":23},"end":{"line":1,"column":null}},"2":{"start":{"line":2,"column":23},"end":{"line":2,"column":null}},"3":{"start":{"line":3,"column":35},"end":{"line":3,"column":null}},"4":{"start":{"line":4,"column":25},"end":{"line":4,"column":null}},"5":{"start":{"line":5,"column":31},"end":{"line":5,"column":null}},"6":{"start":{"line":8,"column":18},"end":{"line":8,"column":null}}},"fnMap":{"0":{"name":"BlogPage","decl":{"start":{"line":7,"column":24},"end":{"line":7,"column":null}},"loc":{"start":{"line":7,"column":24},"end":{"line":34,"column":null}}}},"branchMap":{},"s":{"0":0,"1":0,"2":0,"3":0,"4":0,"5":0,"6":0},"f":{"0":0},"b":{}},"/Users/hatemnoureddine/workspace/web/resume_1/src/components/ui/Logo.tsx":{"path":"/Users/hatemnoureddine/workspace/web/resume_1/src/components/ui/Logo.tsx","statementMap":{"0":{"start":{"line":5,"column":16},"end":{"line":5,"column":21}},"1":{"start":{"line":3,"column":19},"end":{"line":3,"column":null}}},"fnMap":{"0":{"name":"Logo","decl":{"start":{"line":5,"column":16},"end":{"line":5,"column":21}},"loc":{"start":{"line":5,"column":58},"end":{"line":46,"column":null}}}},"branchMap":{},"s":{"0":0,"1":0},"f":{"0":0},"b":{}},"/Users/hatemnoureddine/workspace/web/resume_1/src/components/sections/TechCarousel.tsx":{"path":"/Users/hatemnoureddine/workspace/web/resume_1/src/components/sections/TechCarousel.tsx","statementMap":{"0":{"start":{"line":7,"column":16},"end":{"line":7,"column":null}},"1":{"start":{"line":3,"column":25},"end":{"line":3,"column":null}},"2":{"start":{"line":15,"column":20},"end":{"line":15,"column":37}}},"fnMap":{"0":{"name":"TechCarousel","decl":{"start":{"line":7,"column":16},"end":{"line":7,"column":null}},"loc":{"start":{"line":7,"column":16},"end":{"line":37,"column":null}}},"1":{"name":"(anonymous_3)","decl":{"start":{"line":14,"column":91},"end":{"line":14,"column":92}},"loc":{"start":{"line":15,"column":20},"end":{"line":15,"column":37}}}},"branchMap":{},"s":{"0":0,"1":0,"2":0},"f":{"0":0,"1":0},"b":{}},"/Users/hatemnoureddine/workspace/web/resume_1/src/app/layout.tsx":{"path":"/Users/hatemnoureddine/workspace/web/resume_1/src/app/layout.tsx","statementMap":{"0":{"start":{"line":25,"column":24},"end":{"line":25,"column":35}},"1":{"start":{"line":11,"column":13},"end":{"line":11,"column":34}},"2":{"start":{"line":19,"column":13},"end":{"line":19,"column":24}},"3":{"start":{"line":2,"column":30},"end":{"line":2,"column":null}},"4":{"start":{"line":3,"column":7},"end":{"line":3,"column":null}},"5":{"start":{"line":4,"column":19},"end":{"line":4,"column":null}},"6":{"start":{"line":5,"column":30},"end":{"line":5,"column":null}},"7":{"start":{"line":6,"column":33},"end":{"line":6,"column":null}},"8":{"start":{"line":8,"column":14},"end":{"line":8,"column":null}},"9":{"start":{"line":9,"column":15},"end":{"line":9,"column":null}},"10":{"start":{"line":11,"column":34},"end":{"line":17,"column":null}},"11":{"start":{"line":19,"column":24},"end":{"line":23,"column":null}}},"fnMap":{"0":{"name":"RootLayout","decl":{"start":{"line":25,"column":24},"end":{"line":25,"column":35}},"loc":{"start":{"line":29,"column":1},"end":{"line":41,"column":null}}}},"branchMap":{},"s":{"0":0,"1":0,"2":0,"3":0,"4":0,"5":0,"6":0,"7":0,"8":0,"9":0,"10":0,"11":0},"f":{"0":0},"b":{}},"/Users/hatemnoureddine/workspace/web/resume_1/src/app/page.tsx":{"path":"/Users/hatemnoureddine/workspace/web/resume_1/src/app/page.tsx","statementMap":{"0":{"start":{"line":15,"column":24},"end":{"line":15,"column":null}},"1":{"start":{"line":1,"column":20},"end":{"line":1,"column":null}},"2":{"start":{"line":2,"column":23},"end":{"line":2,"column":null}},"3":{"start":{"line":3,"column":23},"end":{"line":3,"column":null}},"4":{"start":{"line":4,"column":21},"end":{"line":4,"column":null}},"5":{"start":{"line":5,"column":35},"end":{"line":5,"column":null}},"6":{"start":{"line":8,"column":31},"end":{"line":8,"column":null}},"7":{"start":{"line":8,"column":31},"end":{"line":8,"column":72}},"8":{"start":{"line":8,"column":86},"end":{"line":8,"column":98}},"9":{"start":{"line":9,"column":33},"end":{"line":9,"column":null}},"10":{"start":{"line":9,"column":33},"end":{"line":9,"column":76}},"11":{"start":{"line":9,"column":90},"end":{"line":9,"column":104}},"12":{"start":{"line":10,"column":32},"end":{"line":10,"column":null}},"13":{"start":{"line":10,"column":32},"end":{"line":10,"column":74}},"14":{"start":{"line":10,"column":88},"end":{"line":10,"column":101}},"15":{"start":{"line":11,"column":30},"end":{"line":11,"column":null}},"16":{"start":{"line":11,"column":30},"end":{"line":11,"column":70}},"17":{"start":{"line":11,"column":84},"end":{"line":11,"column":95}},"18":{"start":{"line":12,"column":29},"end":{"line":12,"column":null}},"19":{"start":{"line":12,"column":29},"end":{"line":12,"column":68}},"20":{"start":{"line":12,"column":82},"end":{"line":12,"column":92}},"21":{"start":{"line":13,"column":27},"end":{"line":13,"column":null}},"22":{"start":{"line":13,"column":27},"end":{"line":13,"column":64}},"23":{"start":{"line":13,"column":78},"end":{"line":13,"column":86}},"24":{"start":{"line":16,"column":16},"end":{"line":16,"column":null}},"25":{"start":{"line":17,"column":23},"end":{"line":17,"column":null}}},"fnMap":{"0":{"name":"(anonymous_5)","decl":{"start":{"line":8,"column":25},"end":{"line":8,"column":31}},"loc":{"start":{"line":8,"column":31},"end":{"line":8,"column":null}}},"1":{"name":"(anonymous_6)","decl":{"start":{"line":8,"column":31},"end":{"line":8,"column":38}},"loc":{"start":{"line":8,"column":31},"end":{"line":8,"column":72}}},"2":{"name":"(anonymous_7)","decl":{"start":{"line":8,"column":77},"end":{"line":8,"column":78}},"loc":{"start":{"line":8,"column":86},"end":{"line":8,"column":98}}},"3":{"name":"(anonymous_9)","decl":{"start":{"line":9,"column":27},"end":{"line":9,"column":33}},"loc":{"start":{"line":9,"column":33},"end":{"line":9,"column":null}}},"4":{"name":"(anonymous_10)","decl":{"start":{"line":9,"column":33},"end":{"line":9,"column":40}},"loc":{"start":{"line":9,"column":33},"end":{"line":9,"column":76}}},"5":{"name":"(anonymous_11)","decl":{"start":{"line":9,"column":81},"end":{"line":9,"column":82}},"loc":{"start":{"line":9,"column":90},"end":{"line":9,"column":104}}},"6":{"name":"(anonymous_13)","decl":{"start":{"line":10,"column":26},"end":{"line":10,"column":32}},"loc":{"start":{"line":10,"column":32},"end":{"line":10,"column":null}}},"7":{"name":"(anonymous_14)","decl":{"start":{"line":10,"column":32},"end":{"line":10,"column":39}},"loc":{"start":{"line":10,"column":32},"end":{"line":10,"column":74}}},"8":{"name":"(anonymous_15)","decl":{"start":{"line":10,"column":79},"end":{"line":10,"column":80}},"loc":{"start":{"line":10,"column":88},"end":{"line":10,"column":101}}},"9":{"name":"(anonymous_17)","decl":{"start":{"line":11,"column":24},"end":{"line":11,"column":30}},"loc":{"start":{"line":11,"column":30},"end":{"line":11,"column":null}}},"10":{"name":"(anonymous_18)","decl":{"start":{"line":11,"column":30},"end":{"line":11,"column":37}},"loc":{"start":{"line":11,"column":30},"end":{"line":11,"column":70}}},"11":{"name":"(anonymous_19)","decl":{"start":{"line":11,"column":75},"end":{"line":11,"column":76}},"loc":{"start":{"line":11,"column":84},"end":{"line":11,"column":95}}},"12":{"name":"(anonymous_21)","decl":{"start":{"line":12,"column":23},"end":{"line":12,"column":29}},"loc":{"start":{"line":12,"column":29},"end":{"line":12,"column":null}}},"13":{"name":"(anonymous_22)","decl":{"start":{"line":12,"column":29},"end":{"line":12,"column":36}},"loc":{"start":{"line":12,"column":29},"end":{"line":12,"column":68}}},"14":{"name":"(anonymous_23)","decl":{"start":{"line":1
[...]
mn":null}},"15":{"start":{"line":50,"column":24},"end":{"line":51,"column":null}},"16":{"start":{"line":52,"column":43},"end":{"line":52,"column":null}},"17":{"start":{"line":70,"column":28},"end":{"line":71,"column":null}}},"fnMap":{"0":{"name":"PortfolioPage","decl":{"start":{"line":13,"column":24},"end":{"line":13,"column":null}},"loc":{"start":{"line":13,"column":24},"end":{"line":111,"column":null}}},"1":{"name":"(anonymous_3)","decl":{"start":{"line":15,"column":74},"end":{"line":15,"column":75}},"loc":{"start":{"line":15,"column":84},"end":{"line":15,"column":97}}},"2":{"name":"(anonymous_4)","decl":{"start":{"line":19,"column":34},"end":{"line":19,"column":35}},"loc":{"start":{"line":19,"column":44},"end":{"line":19,"column":null}}},"3":{"name":"(anonymous_5)","decl":{"start":{"line":49,"column":36},"end":{"line":49,"column":37}},"loc":{"start":{"line":50,"column":24},"end":{"line":51,"column":null}}},"4":{"name":"(anonymous_6)","decl":{"start":{"line":52,"column":37},"end":{"line":52,"column":43}},"loc":{"start":{"line":52,"column":43},"end":{"line":52,"column":null}}},"5":{"name":"(anonymous_7)","decl":{"start":{"line":69,"column":46},"end":{"line":69,"column":47}},"loc":{"start":{"line":70,"column":28},"end":{"line":71,"column":null}}}},"branchMap":{"0":{"loc":{"start":{"line":17,"column":29},"end":{"line":19,"column":null}},"type":"cond-expr","locations":[{"start":{"line":18,"column":10},"end":{"line":18,"column":26}},{"start":{"line":19,"column":10},"end":{"line":19,"column":null}}]},"1":{"loc":{"start":{"line":53,"column":113},"end":{"line":55,"column":null}},"type":"cond-expr","locations":[{"start":{"line":54,"column":34},"end":{"line":54,"column":null}},{"start":{"line":55,"column":34},"end":{"line":55,"column":null}}]}},"s":{"0":0,"1":0,"2":0,"3":0,"4":0,"5":0,"6":0,"7":0,"8":0,"9":0,"10":0,"11":0,"12":0,"13":0,"14":0,"15":0,"16":0,"17":0},"f":{"0":0,"1":0,"2":0,"3":0,"4":0,"5":0},"b":{"0":[0,0],"1":[0,0]}},"/Users/hatemnoureddine/workspace/web/resume_1/src/components/sections/Services.tsx":{"path":"/Users/hatemnoureddine/workspace/web/resume_1/src/components/sections/Services.tsx","statementMap":{"0":{"start":{"line":43,"column":16},"end":{"line":43,"column":null}},"1":{"start":{"line":3,"column":25},"end":{"line":3,"column":null}},"2":{"start":{"line":4,"column":40},"end":{"line":4,"column":null}},"3":{"start":{"line":5,"column":29},"end":{"line":5,"column":null}},"4":{"start":{"line":6,"column":31},"end":{"line":6,"column":null}},"5":{"start":{"line":7,"column":28},"end":{"line":7,"column":null}},"6":{"start":{"line":9,"column":23},"end":{"line":9,"column":null}},"7":{"start":{"line":17,"column":26},"end":{"line":41,"column":null}},"8":{"start":{"line":19,"column":17},"end":{"line":19,"column":71}},"9":{"start":{"line":21,"column":4},"end":{"line":23,"column":null}},"10":{"start":{"line":44,"column":18},"end":{"line":44,"column":null}},"11":{"start":{"line":45,"column":25},"end":{"line":45,"column":null}},"12":{"start":{"line":46,"column":44},"end":{"line":46,"column":null}},"13":{"start":{"line":48,"column":22},"end":{"line":50,"column":null}},"14":{"start":{"line":49,"column":8},"end":{"line":49,"column":null}},"15":{"start":{"line":49,"column":34},"end":{"line":49,"column":68}},"16":{"start":{"line":52,"column":22},"end":{"line":54,"column":null}},"17":{"start":{"line":53,"column":8},"end":{"line":53,"column":null}},"18":{"start":{"line":53,"column":34},"end":{"line":53,"column":92}},"19":{"start":{"line":79,"column":32},"end":{"line":80,"column":null}},"20":{"start":{"line":96,"column":37},"end":{"line":96,"column":91}},"21":{"start":{"line":98,"column":24},"end":{"line":100,"column":null}}},"fnMap":{"0":{"name":"(anonymous_4)","decl":{"start":{"line":17,"column":26},"end":{"line":17,"column":27}},"loc":{"start":{"line":17,"column":56},"end":{"line":41,"column":null}}},"1":{"name":"Services","decl":{"start":{"line":43,"column":16},"end":{"line":43,"column":null}},"loc":{"start":{"line":43,"column":16},"end":{"line":123,"column":null}}},"2":{"name":"(anonymous_6)","decl":{"start":{"line":48,"column":22},"end":{"line":48,"column":null}},"loc":{"start":{"line":48,"column":22},"end":{"line":50,"column":null}}},"3":{"name":"(anonymous_7)","decl":{"start":{"line":49,"column":24},"end":{"line":49,"column":25}},"loc":{"start":{"line":49,"column":34},"end":{"line":49,"column":68}}},"4":{"name":"(anonymous_8)","decl":{"start":{"line":52,"column":22},"end":{"line":52,"column":null}},"loc":{"start":{"line":52,"column":22},"end":{"line":54,"column":null}}},"5":{"name":"(anonymous_9)","decl":{"start":{"line":53,"column":24},"end":{"line":53,"column":25}},"loc":{"start":{"line":53,"column":34},"end":{"line":53,"column":92}}},"6":{"name":"(anonymous_10)","decl":{"start":{"line":78,"column":48},"end":{"line":78,"column":49}},"loc":{"start":{"line":79,"column":32},"end":{"line":80,"column":null}}},"7":{"name":"(anonymous_11)","decl":{"start":{"line":93,"column":40},"end":{"line":93,"column":41}},"loc":{"start":{"line":93,"column":50},"end":{"line":118,"column":null}}}},"branchMap":{"0":{"loc":{"start":{"line":19,"column":17},"end":{"line":19,"column":71}},"type":"binary-expr","locations":[{"start":{"line":19,"column":17},"end":{"line":19,"column":51}},{"start":{"line":19,"column":55},"end":{"line":19,"column":71}}]},"1":{"loc":{"start":{"line":81,"column":89},"end":{"line":81,"column":149}},"type":"cond-expr","locations":[{"start":{"line":81,"column":114},"end":{"line":81,"column":129}},{"start":{"line":81,"column":129},"end":{"line":81,"column":149}}]},"2":{"loc":{"start":{"line":96,"column":37},"end":{"line":96,"column":91}},"type":"binary-expr","locations":[{"start":{"line":96,"column":37},"end":{"line":96,"column":71}},{"start":{"line":96,"column":75},"end":{"line":96,"column":91}}]}},"s":{"0":0,"1":0,"2":0,"3":0,"4":0,"5":0,"6":0,"7":0,"8":0,"9":0,"10":0,"11":0,"12":0,"13":0,"14":0,"15":0,"16":0,"17":0,"18":0,"19":0,"20":0,"21":0},"f":{"0":0,"1":0,"2":0,"3":0,"4":0,"5":0,"6":0,"7":0},"b":{"0":[0,0],"1":[0,0],"2":[0,0]}},"/Users/hatemnoureddine/workspace/web/resume_1/src/components/blog/BlogList.tsx":{"path":"/Users/hatemnoureddine/workspace/web/resume_1/src/components/blog/BlogList.tsx","statementMap":{"0":{"start":{"line":16,"column":16},"end":{"line":16,"column":25}},"1":{"start":{"line":3,"column":34},"end":{"line":3,"column":null}},"2":{"start":{"line":4,"column":17},"end":{"line":4,"column":null}},"3":{"start":{"line":5,"column":40},"end":{"line":5,"column":null}},"4":{"start":{"line":6,"column":66},"end":{"line":6,"column":null}},"5":{"start":{"line":8,"column":28},"end":{"line":8,"column":null}},"6":{"start":{"line":14,"column":23},"end":{"line":14,"column":null}},"7":{"start":{"line":17,"column":18},"end":{"line":17,"column":null}},"8":{"start":{"line":18,"column":21},"end":{"line":18,"column":null}},"9":{"start":{"line":19,"column":42},"end":{"line":19,"column":null}},"10":{"start":{"line":20,"column":42},"end":{"line":20,"column":null}},"11":{"start":{"line":21,"column":42},"end":{"line":21,"column":null}},"12":{"start":{"line":22,"column":44},"end":{"line":22,"column":null}},"13":{"start":{"line":25,"column":25},"end":{"line":44,"column":null}},"14":{"start":{"line":26,"column":52},"end":{"line":26,"column":null}},"15":{"start":{"line":29,"column":8},"end":{"line":35,"column":null}},"16":{"start":{"line":30,"column":29},"end":{"line":30,"column":null}},"17":{"start":{"line":31,"column":12},"end":{"line":33,"column":null}},"18":{"start":{"line":32,"column":16},"end":{"line":32,"column":null}},"19":{"start":{"line":34,"column":12},"end":{"line":34,"column":null}},"20":{"start":{"line":34,"column":37},"end":{"line":34,"column":null}},"21":{"start":{"line":38,"column":55},"end":{"line":38,"column":null}},"22":{"start":{"line":39,"column":8},"end":{"line":41,"column":null}},"23":{"start":{"line":40,"column":12},"end":{"line":40,"column":null}},"24":{"start":{"line":43,"column":8},"end":{"line":43,"column":null}},"25":{"start":{"line":47,"column":26},"end":{"line":53,"column":null}},"26":{"start":{"line":49,"column":12},"end":{"line":50,"column":null}},"27":{"start":{"line":51,"column":27},"end":{"line":51,"column":null}},"28":{"start":{"line":52,"column":8},"end":{"line":52,"column":null}},"29":{"start":{"line":55,"column":23},"end":{"line":55,"column":null}},"30":{"start":{"line":56,"column":27},"end":{"line":58,"column":null}},"31":{"start":{"line":61,"column":27},"end":{"line":68,"column":null}},"32":{"start":{"line":62,"column":8},"end":{"line":67,"column":null}},"33":{"start":{"line":63,"column":12},"end":{"line":63,"column":null}},"34":{"start":{"line":65,"column":12},"end":{"line":65,"column":null}},"35":{"start":{"line":66,"column":12},"end":{"line":66,"column":31}},"36":{"start":{"line":70,"column":25},"end":{"line":74,"column":null}},"37":{"start":{"line":71,"column":8},"end":{"line":71,"column":null}},"38":{"start":{"line":72,"column":8},"end":{"line":72,"column":null}},"39":{"start":{"line":73,"column":8},"end":{"line":73,"column":null}},"40":{"start":{"line":87,"column":45},"end":{"line":87,"column":null}},"41":{"start":{"line":92,"column":47},"end":{"line":92,"column":null}},"42":{"start":{"line":100,"column":39},"end":{"line":100,"column":null}},"43":{"start":{"line":123,"column":40},"end":{"line":123,"column":null}},"44":{"start":{"line":129,"column":52},"end":{"line":130,"column":null}},"45":{"start":{"line":131,"column":71},"end":{"line":131,"column":null}},"46":{"start":{"line":167,"column":32},"end":{"line":173,"column":null}},"47":{"start":{"line":179,"column":48},"end":{"line":179,"column":64}},"48":{"start":{"line":227,"column":39},"end":{"line":227,"column":null}},"49":{"start":{"line":227,"column":61},"end":{"line":227,"column":null}},"50":{"start":{"line":238,"column":39},"end":{"line":238,"column":null}},"51":{"start":{"line":238,"column":61},"end":{"line":238,"column":null}}},"fnMap":{"0":{"name":"BlogList","decl":{"start":{"line":16,"column":16},"end":{"line":16,"column":25}},"loc":{"start":{"line":16,"column":56},"end":{"line":249,"column":null}}},"1":{"name":"(anonymous_3)","decl":{"start":{"line":25,"column":33},"end":{"line":25,"column":null}},"loc":{"start":{"line":25,"column":33},"end":{"line":44,"column":7}}},"2":{"name":"(anonymous_4)","decl":{"start":{"line":29,"column":29},"end":{"line":29,"column":null}},"loc":{"start":{"line":29,"column":29},"end":{"line":35,"column":null}}},"3":{"name":"(anonymous_5)","decl":{"start":{"line":34,"column":30},"end":{"line":34,"column":37}},"loc":{"start":{"line":34,"column":37},"end":{"line":34,"column":null}}},"4":{"name":"(anonymous_6)","decl":{"start":{"line":39,"column":43},"end":{"line":39,"column":null}},"loc":{"start":{"line":39,"column":43},"end":{"line":41,"column":null}}},"5":{"name":"(anonymous_7)","decl":{"start":{"line":47,"column":46},"end":{"line":47,"column":47}},"loc":{"start":{"line":47,"column":47},"end":{"line":53,"column":null}}},"6":{"name":"(anonymous_8)","decl":{"start":{"line":61,"column":27},"end":{"line":61,"column":28}},"loc":{"start":{"line":61,"column":28},"end":{"line":68,"column":null}}},"7":{"name":"(anonymous_9)","decl":{"start":{"line":70,"column":25},"end":{"line":70,"column":null}},"loc":{"start":{"line":70,"column":25},"end":{"line":74,"column":null}}},"8":{"name":"(anonymous_10)","decl":{"start":{"line":87,"column":38},"end":{"line":87,"column":39}},"loc":{"start":{"line":87,"column":45},"end":{"line":87,"column":null}}},"9":{"name":"(anonymous_11)","decl":{"start":{"line":92,"column":41},"end":{"line":92,"column":47}},"loc":{"start":{"line":92,"column":47},"end":{"line":92,"column":null}}},"10":{"name":"(anonymous_12)","decl":{"start":{"line":100,"column":33},"end":{"line":100,"column":39}},"loc":{"start":{"line":100,"column":39},"end":{"line":100,"column":null}}},"11":{"name":"(anonymous_13)","decl":{"start":{"line":122,"column":70},"end":{"line":122,"column":71}},"loc":{"start":{"line":123,"column":40},"end":{"line":123,"column":null}}},"12":{"name":"(anonymous_14)","decl":{"start":{"line":128,"column":58},"end":{"line":128,"column":null}},"loc":{"start":{"line":129,"column":52},"end":{"line":130,"column":null}}},"13":{"name":"(anonymous_15)","decl":{"start":{"line":131,"column":65},"end":{"line":131,"column":71}},"loc":{"start":{"line":131,"column":71},"end":{"line":131,"column":null}}},"14":{"name":"(anonymous_16)","decl":{"start":{"line":166,"column":48},"end":{"line":166,"column":49}},"loc":{"start":{"line":167,"column":32},"end":{"line":173,"column":null}}},"15":{"name":"(anonymous_17)","decl":{"start":{"line":178,"column":71},"end":{"line":178,"column":null}},"loc":{"start":{"line":179,"column":48},"end":{"line":179,"column":64}}},"16":{"name":"(anonymous_18)","decl":{"start":{"line":227,"column":33},"end":{"line":227,"column":39}},"loc":{"start":{"line":227,"column":39},"end":{"line":227,"column":null}}},"17":{"name":"(anonymous_19)","decl":{"start":{"line":227,"column":54},"end":{"line":227,"column":55}},"loc":{"start":{"line":227,"column":61},"end":{"line":227,"column":null}}},"18":{"name":"(anonymous_20)","decl":{"start":{"line":238,"column":33},"end":{"line":238,"column":39}},"loc":{"start":{"line":238,"column":39},"end":{"line":238,"column":null}}},"19":{"name":"(anonymous_21)","decl":{"start":{"line":238,"column":54},"end":{"line":238,"column":55}},"loc":{"start":{"line":238,"column":61},"end":{"line":238,"column":null}}}},"branchMap":{"0":{"loc":{"start":{"line":30,"column":29},"end":{"line":30,"column":null}},"type":"binary-expr","locations":[{"start":{"line":30,"column":29},"end":{"line":30,"column":42}},{"start":{"line":30,"column":46},"end":{"line":30,"column":null}}]},"1":{"loc":{"start":{"line":31,"column":12},"end":{"line":33,"column":null}},"type":"if","locations":[{"start":{"line":31,"column":12},"end":{"line":33,"column":null}}]},"2":{"loc":{"start":{"line":49,"column":12},"end":{"line":50,"column":null}},"type":"binary-expr","locations":[{"start":{"line":49,"column":12},"end":{"line":49,"column":null}},{"start":{"line":50,"column":12},"end":{"line":50,"column":null}}]},"3":{"loc":{"start":{"line":51,"column":27},"end":{"line":51,"column":null}},"type":"cond-expr","locations":[{"start":{"line":51,"column":41},"end":{"line":51,"column":75}},{"start":{"line":51,"column":75},"end":{"line":51,"column":null}}]},"4":{"loc":{"start":{"line":52,"column":15},"end":{"line":52,"column":null}},"type":"binary-expr","locations":[{"start":{"line":52,"column":15},"end":{"line":52,"column":32}},{"start":{"line":52,"column":32},"end":{"line":52,"column":null}}]},"5":{"loc":{"start":{"line":62,"column":8},"end":{"line":67,"column":null}},"type":"if","locations":[{"start":{"line":62,"column":8},"end":{"line":67,"column":null}},{"start":{"line":64,"column":15},"end":{"line":67,"column":null}}]},"6":{"loc":{"start":{"line":90,"column":25},"end":{"line":90,"column":null}},"type":"binary-expr","locations":[{"start":{"line":90,"column":25},"end":{"line":90,"column":null}}]},"7":{"loc":{"start":{"line":101,"column":132},"end":{"line":103,"column":null}},"type":"cond-expr","locations":[{"start":{"line":102,"column":30},"end":{"line":102,"column":null}},{"start":{"line":103,"column":30},"end":{"line":103,"column":null}}]},"8":{"loc":{"start":{"line":101,"column":132},"end":{"line":101,"column":null}},"type":"binary-expr","locations":[{"start":{"line":101,"column":132},"end":{"line":101,"column":148}},{"start":{"line":101,"column":148},"end":{"line":101,"column":null}}]},"9":{"loc":{"start":{"line":113,"column":22},"end":{"line":113,"column":38}},"type":"binary-expr","locations":[{"start":{"line":113,"column":22},"end":{"line":113,"column":38}},{"start":{"line":113,"column":38},"end":{"line":113,"column":48}}]},"10":{"loc":{"start":{"line":132,"column":123},"end":{"line":134,"column":null}},"type":"cond-expr","locations":[{"start":{"line":133,"column":62},"end":{"line":133,"column":null}},{"start":{"line":134,"column":62},"end":{"line":134,"column":null}}]},"11":{"loc":{"start":{"line":161,"column":20},"end":{"line":207,"column":21}},"type":"cond-expr","locations":[{"start":{"line":161,"column":20},"end":{"line":207,"column":21}}]},"12":{"loc":{"start":{"line":224,"column":13},"end":{"line":224,"column":null}},"type":"binary-expr","locations":[{"start":{"line":224,"column":13},"end":{"line":224,"column":null}}]}},"s":{"0":0,"1":0,"2":0,"3":0,"4":0,"5":0,"6":0,"7":0,"8":0,"9":0,"10":0,"11":0,"12":0,"13":0,"14":0,"15":0,"16":0,"17":0,"18":0,"19":0,"20":0,"21":0,"22":0,"23":0,"24":0,"25":0,"26":0,"27":0,"28":0,"29":0,"30":0,"31":0,"32":0,"33":0,"34":0,"35":0,"36":0,"37":0,"38":0,"39":0,"40":0,"41":0,"42":0,"43":0,"44":0,"45":0,"46":0,"47":0,"48":0,"49":0,"50":0,"51":0},"f":{"0":0,"1":0,"2":0,"3":0,"4":0,"5":0,"6":0,"7":0,"8":0,"9":0,"10":0,"11":0,"12":0,"13":0,"14":0,"15":0,"16":0,"17":0,"18":0,"19":0},"b":{"0":[0,0],"1":[0],"2":[0,0],"3":[0,0],"4":[0,0],"5":[0,0],"6":[0],"7":[0,0],"8":[0,0],"9":[0,0],"10":[0,0],"11":[0],"12":[0]}},"/Users/hatemnoureddine/workspace/web/resume_1/src/app/blog/[slug]/page.tsx":{"path":"/Users/hatemnoureddine/workspace/web/resume_1/src/app/blog/[slug]/page.tsx","statementMap":{"0":{"start":{"line":17,"column":30},"end":{"line":17,"column":39}},"1":{"start":{"line":10,"column":22},"end":{"line":10,"column":null}},"2":{"start":{"line":1,"column":23},"end":{"line":1,"column":null}},"3":{"start":{"line":2,"column":23},"end":{"line":2,"column":null}},"4":{"start":{"line":3,"column":48},"end":{"line":3,"column":null}},"5":{"start":{"line":4,"column":26},"end":{"line":4,"column":null}},"6":{"start":{"line":5,"column":22},"end":{"line":5,"column":null}},"7":{"start":{"line":6,"column":30},"end":{"line":6,"column":null}},"8":{"start":{"line":7,"column":17},"end":{"line":7,"column":null}},"9":{"start":{"line":8,"column":18},"end":{"line":8,"column":null}},"10":{"start":{"line":11,"column":18},"end":{"line":11,"column":null}},"11":{"start":{"line":12,"column":4},"end":{"line":14,"column":null}},"12":{"start":{"line":12,"column":32},"end":{"line":14,"column":null}},"13":{"start":{"line":18,"column":21},"end":{"line":18,"column":null}},"14":{"start":{"line":19,"column":17},"end":{"line":19,"column":null}},"15":{"start":{"line":21,"column":4},"end":{"line":23,"column":null}},"16":{"start":{"line":41,"column":32},"end":{"line":42,"column":null}}},"fnMap":{"0":{"name":"generateStaticParams","decl":{"start":{"line":10,"column":22},"end":{"line":10,"column":null}},"loc":{"start":{"line":10,"column":22},"end":{"line":15,"column":null}}},"1":{"name":"(anonymous_5)","decl":{"start":{"line":12,"column":21},"end":{"line":12,"column":22}},"loc":{"start":{"line":12,"column":32},"end":{"line":14,"column":null}}},"2":{"name":"BlogPost","decl":{"start":{"line":17,"column":30},"end":{"line":17,"column":39}},"loc":{"start":{"line":17,"column":88},"end":{"line":116,"column":null}}},"3":{"name":"(anonymous_7)","decl":{"start":{"line":40,"column":43},"end":{"line":40,"column":44}},"loc":{"start":{"line":41,"column":32},"end":{"line":42,"column":null}}},"4":{"name":"(anonymous_8)","decl":{"start":{"line":57,"column":37},"end":{"line":57,"column":38}},"loc":{"start":{"line":57,"column":56},"end":{"line":72,"column":null}}}},"branchMap":{"0":{"loc":{"start":{"line":21,"column":4},"end":{"line":23,"column":null}},"type":"if","locations":[{"start":{"line":21,"column":4},"end":{"line":23,"column":null}}]},"1":{"loc":{"start":{"line":61,"column":45},"end":{"line":61,"column":54}},"type":"binary-expr","locations":[{"start":{"line":61,"column":45},"end":{"line":61,"column":54}}]},"2":{"loc":{"start":{"line":64,"column":57},"end":{"line":64,"column":null}},"type":"binary-expr","locations":[{"start":{"line":64,"column":57},"end":{"line":64,"column":66}},{"start":{"line":64,"column":70},"end":{"line":64,"column":null}}]}},"s":{"0":0,"1":0,"2":0,"3":0,"4":0,"5":0,"6":0,"7":0,"8":0,"9":0,"10":0,"11":0,"12":0,"13":0,"14":0,"15":0,"16":0},"f":{"0":0,"1":0,"2":0,"3":0,"4":0},"b":{"0":[0],"1":[0],"2":[0,0]}}}}
